Waf: Entering directory `/home/raja/Downloads/ns-allinone-3.35/ns-3.35/build'
[447/457] Compiling ../contrib/ERGC/model/ergc-application.cc
[451/457] Linking ../build/lib/libns3.35-ERGC-debug.so
[453/457] Linking ../build/scratch/ERGCSimulator
[455/457] Linking ../build/scratch/packet-socket-apps
[457/457] Linking ../build/scratch/VBF
Waf: Leaving directory `/home/raja/Downloads/ns-allinone-3.35/ns-3.35/build'
Build commands will be stored in build/compile_commands.json
'build' finished successfully (4.604s)
Initializing BaseStation and Sink Mobility Model
Is cluster head0
cluster head address00
Node Id: 0101 SC Index 2:2:1 At: +2.1384e+09ns Timeout Time: +2.32249e+09ns
Node Id: 0100 SC Index 1:2:3 At: +2.15227e+09ns Timeout Time: +3.97834e+09ns
Node Id: 054 SC Index 4:1:1 At: +2.15883e+09ns Timeout Time: +5.22675e+09ns
Node Id: 058 SC Index 3:3:2 At: +2.1602e+09ns Timeout Time: +6.83264e+09ns
Node Id: 039 SC Index 3:1:3 At: +2.16564e+09ns Timeout Time: +4.59372e+09ns
Node Id: 027 SC Index 1:3:3 At: +2.1763e+09ns Timeout Time: +2.8229e+09ns
Node Id: 090 SC Index 3:3:2 At: +2.18742e+09ns Timeout Time: +2.5965e+09ns
Node Id: 042 SC Index 2:5:3 At: +2.20695e+09ns Timeout Time: +5.43129e+09ns
Node Id: 074 SC Index 5:1:1 At: +2.21575e+09ns Timeout Time: +7.35311e+08ns
Node Id: 088 SC Index 3:1:5 At: +2.22431e+09ns Timeout Time: +2.52261e+09ns
Node Id: 059 SC Index 3:5:2 At: +2.22974e+09ns Timeout Time: +2.75244e+09ns
Node Id: 077 SC Index 5:1:4 At: +2.23641e+09ns Timeout Time: +3.03476e+09ns
Node Id: 09 SC Index 5:4:3 At: +2.24629e+09ns Timeout Time: +3.76616e+09ns
Node Id: 021 SC Index 4:2:5 At: +2.24754e+09ns Timeout Time: +2.54955e+09ns
Node Id: 084 SC Index 2:5:4 At: +2.24897e+09ns Timeout Time: +2.40522e+09ns
Node Id: 040 SC Index 7:1:1 At: +2.26458e+09ns Timeout Time: +2.12093e+09ns
Node Id: 022 SC Index 3:2:6 At: +2.26781e+09ns Timeout Time: +1.36656e+09ns
Node Id: 050 SC Index 4:2:6 At: +2.26792e+09ns Timeout Time: +2.79509e+09ns
Node Id: 098 SC Index 4:6:2 At: +2.26977e+09ns Timeout Time: +2.61818e+09ns
Node Id: 053 SC Index 5:4:4 At: +2.27161e+09ns Timeout Time: +2.62658e+09ns
Node Id: 083 SC Index 7:3:1 At: +2.28132e+09ns Timeout Time: +2.07969e+09ns
Node Id: 080 SC Index 2:6:5 At: +2.28286e+09ns Timeout Time: +2.9746e+09ns
Node Id: 018 SC Index 3:1:7 At: +2.28863e+09ns Timeout Time: +1.41412e+09ns
Node Id: 095 SC Index 6:5:2 At: +2.29083e+09ns Timeout Time: +2.26079e+09ns
Node Id: 037 SC Index 4:8:1 At: +2.30992e+09ns Timeout Time: +2.97442e+09ns
Node Id: 06 SC Index 4:6:4 At: +2.31531e+09ns Timeout Time: +6.37275e+08ns
Node Id: 086 SC Index 5:3:7 At: +2.31533e+09ns Timeout Time: +2.79885e+09ns
Node Id: 081 SC Index 5:1:7 At: +2.3217e+09ns Timeout Time: +1.20609e+09ns
Node Id: 073 SC Index 1:1:9 At: +2.3228e+09ns Timeout Time: +2.22546e+09ns
Node Id: 044 SC Index 6:3:6 At: +2.32797e+09ns Timeout Time: +1.55083e+09ns
Node Id: 091 SC Index 9:1:2 At: +2.33206e+09ns Timeout Time: +1.87806e+09ns
Node Id: 029 SC Index 1:6:7 At: +2.33352e+09ns Timeout Time: +1.7829e+09ns
Node Id: 015 SC Index 5:4:7 At: +2.3359e+09ns Timeout Time: +2.08377e+09ns
Node Id: 011 SC Index 7:2:6 At: +2.3371e+09ns Timeout Time: +1.87007e+09ns
Node Id: 017 SC Index 7:6:2 At: +2.33986e+09ns Timeout Time: +1.66414e+09ns
Node Id: 067 SC Index 7:2:6 At: +2.34084e+09ns Timeout Time: +1.59113e+09ns
Node Id: 03 SC Index 5:2:8 At: +2.34227e+09ns Timeout Time: +1.9637e+09ns
Node Id: 061 SC Index 4:6:7 At: +2.34243e+09ns Timeout Time: +2.81736e+09ns
Node Id: 099 SC Index 3:9:2 At: +2.3446e+09ns Timeout Time: +1.91214e+09ns
Node Id: 016 SC Index 4:9:2 At: +2.34808e+09ns Timeout Time: +2.42008e+09ns
Node Id: 020 SC Index 2:2:9 At: +2.35004e+09ns Timeout Time: +9.17551e+08ns
Node Id: 028 SC Index 3:1:9 At: +2.35158e+09ns Timeout Time: +1.04972e+09ns
Node Id: 046 SC Index 2:9:4 At: +2.35521e+09ns Timeout Time: +1.92682e+09ns
Node Id: 092 SC Index 3:9:1 At: +2.35593e+09ns Timeout Time: +7.30421e+08ns
Node Id: 060 SC Index 9:3:4 At: +2.35834e+09ns Timeout Time: +2.2098e+09ns
Node Id: 057 SC Index 2:10:1 At: +2.36149e+09ns Timeout Time: +1.90595e+09ns
Node Id: 071 SC Index 7:7:2 At: +2.36211e+09ns Timeout Time: +1.54367e+09ns
Node Id: 064 SC Index 8:5:4 At: +2.36268e+09ns Timeout Time: +1.81429e+09ns
Node Id: 097 SC Index 3:10:1 At: +2.36368e+09ns Timeout Time: +2.24757e+09ns
Node Id: 05 SC Index 9:4:2 At: +2.3693e+09ns Timeout Time: +9.32159e+08ns
Node Id: 082 SC Index 8:2:7 At: +2.36992e+09ns Timeout Time: +2.47246e+09ns
Node Id: 034 SC Index 1:4:9 At: +2.37047e+09ns Timeout Time: +5.26852e+08ns
Node Id: 047 SC Index 7:6:5 At: +2.37055e+09ns Timeout Time: +1.783e+09ns
Node Id: 078 SC Index 8:4:5 At: +2.38016e+09ns Timeout Time: +6.22759e+08ns
Node Id: 038 SC Index 4:8:6 At: +2.38049e+09ns Timeout Time: +1.70289e+09ns
Node Id: 063 SC Index 3:9:5 At: +2.38222e+09ns Timeout Time: +1.49886e+09ns
Node Id: 068 SC Index 10:5:1 At: +2.38243e+09ns Timeout Time: +2.44031e+09ns
Node Id: 075 SC Index 1:9:6 At: +2.38928e+09ns Timeout Time: +1.32566e+09ns
Node Id: 023 SC Index 8:7:2 At: +2.3906e+09ns Timeout Time: +1.13637e+09ns
Node Id: 049 SC Index 3:6:9 At: +2.39075e+09ns Timeout Time: +1.93233e+09ns
Node Id: 085 SC Index 7:9:3 At: +2.39235e+09ns Timeout Time: +2.84633e+09ns
Node Id: 051 SC Index 10:4:3 At: +2.3977e+09ns Timeout Time: +1.40564e+09ns
Node Id: 024 SC Index 9:7:2 At: +2.40062e+09ns Timeout Time: +1.97123e+09ns
Node Id: 035 SC Index 5:3:10 At: +2.40244e+09ns Timeout Time: +1.86769e+09ns
Node Id: 096 SC Index 1:8:8 At: +2.40495e+09ns Timeout Time: +1.31474e+09ns
Node Id: 08 SC Index 7:9:3 At: +2.40639e+09ns Timeout Time: +2.01559e+09ns
Node Id: 033 SC Index 9:8:2 At: +2.41382e+09ns Timeout Time: +2.30541e+09ns
Node Id: 030 SC Index 6:3:10 At: +2.42054e+09ns Timeout Time: +1.63941e+09ns
Node Id: 066 SC Index 10:6:1 At: +2.42239e+09ns Timeout Time: +9.11377e+08ns
Node Id: 012 SC Index 7:5:8 At: +2.4225e+09ns Timeout Time: +9.89152e+08ns
Node Id: 079 SC Index 10:4:6 At: +2.42278e+09ns Timeout Time: +2.00453e+09ns
Node Id: 069 SC Index 2:8:9 At: +2.4234e+09ns Timeout Time: +1.77128e+09ns
Node Id: 07 SC Index 6:4:10 At: +2.42343e+09ns Timeout Time: +1.97216e+09ns
Node Id: 072 SC Index 5:9:6 At: +2.42511e+09ns Timeout Time: +1.15186e+09ns
Node Id: 062 SC Index 6:3:10 At: +2.42649e+09ns Timeout Time: +1.29839e+09ns
Node Id: 052 SC Index 3:6:10 At: +2.42761e+09ns Timeout Time: +1.23849e+09ns
Node Id: 087 SC Index 7:7:8 At: +2.43434e+09ns Timeout Time: +2.03501e+09ns
Node Id: 048 SC Index 7:9:5 At: +2.43766e+09ns Timeout Time: +1.3858e+09ns
Node Id: 094 SC Index 9:7:5 At: +2.43874e+09ns Timeout Time: +1.3223e+09ns
Node Id: 089 SC Index 7:7:8 At: +2.43925e+09ns Timeout Time: +1.76779e+09ns
Node Id: 04 SC Index 5:10:6 At: +2.43996e+09ns Timeout Time: +1.66589e+09ns
Node Id: 093 SC Index 7:4:9 At: +2.44238e+09ns Timeout Time: +4.65305e+08ns
Node Id: 031 SC Index 3:8:10 At: +2.44499e+09ns Timeout Time: +2.1518e+09ns
Node Id: 02 SC Index 8:9:4 At: +2.44618e+09ns Timeout Time: +1.32462e+09ns
Node Id: 026 SC Index 9:1:9 At: +2.44632e+09ns Timeout Time: +1.44878e+09ns
Node Id: 025 SC Index 7:7:9 At: +2.45074e+09ns Timeout Time: +2.19925e+09ns
Node Id: 043 SC Index 10:7:5 At: +2.45432e+09ns Timeout Time: +1.7157e+09ns
Node Id: 032 SC Index 1:10:9 At: +2.45667e+09ns Timeout Time: +2.07425e+09ns
Node Id: 056 SC Index 7:9:7 At: +2.4697e+09ns Timeout Time: +1.22613e+09ns
Node Id: 019 SC Index 9:10:2 At: +2.47635e+09ns Timeout Time: +1.23922e+09ns
Node Id: 045 SC Index 8:5:10 At: +2.47908e+09ns Timeout Time: +1.33305e+09ns
Node Id: 010 SC Index 9:6:8 At: +2.48058e+09ns Timeout Time: +7.8966e+08ns
Node Id: 055 SC Index 10:8:5 At: +2.48193e+09ns Timeout Time: +1.18859e+09ns
Node Id: 065 SC Index 9:9:5 At: +2.48457e+09ns Timeout Time: +9.44074e+08ns
Node Id: 013 SC Index 10:2:9 At: +2.48934e+09ns Timeout Time: +5.87545e+08ns
Node Id: 041 SC Index 5:8:10 At: +2.49653e+09ns Timeout Time: +4.72407e+08ns
Node Id: 036 SC Index 9:9:7 At: +2.51583e+09ns Timeout Time: +7.4836e+08ns
Node Id: 014 SC Index 10:9:7 At: +2.52233e+09ns Timeout Time: +1.37225e+09ns
Node Id: 070 SC Index 8:10:9 At: +2.53321e+09ns Timeout Time: +1.55805e+09ns
Node Id: 076 SC Index 10:6:10 At: +2.54284e+09ns Timeout Time: +7.40591e+08ns
Is cluster head0
cluster head address00
Is cluster head0
cluster head address00
Is cluster head0
cluster head address00
Is cluster head0
cluster head address00
Is cluster head0
cluster head address00
Is cluster head0
cluster head address00
Is cluster head0
cluster head address00
Is cluster head0
cluster head address00
Is cluster head0
cluster head address00
Is cluster head0
cluster head address00
Is cluster head0
cluster head address00
Is cluster head0
cluster head address00
Is cluster head0
cluster head address00
Is cluster head0
cluster head address00
Is cluster head0
cluster head address00
Is cluster head0
cluster head address00
Is cluster head0
cluster head address00
Is cluster head0
cluster head address00
Is cluster head0
cluster head address00
Is cluster head0
cluster head address00
Is cluster head0
cluster head address00
Is cluster head0
cluster head address00
Is cluster head0
cluster head address00
Is cluster head0
cluster head address00
Is cluster head0
cluster head address00
Is cluster head0
cluster head address00
Is cluster head0
cluster head address00
Is cluster head0
cluster head address00
Is cluster head0
cluster head address00
Is cluster head0
cluster head address00
Is cluster head0
cluster head address00
Is cluster head0
cluster head address00
Is cluster head0
cluster head address00
Is cluster head0
cluster head address00
Node Id: 030 Ci 0.00321715 Node j Id: 062 Cj 0.00321867 4059952902 +3.83421e+09ns
Listening for cluster initialization msg
Not a cluster Head: 030
Is cluster head0
cluster head address00
Is cluster head0
cluster head address00
Is cluster head0
cluster head address00
Is cluster head0
cluster head address00
Is cluster head0
cluster head address00
Is cluster head0
cluster head address00
Is cluster head0
cluster head address00
Node Id: 011 Ci 0.00423162 Node j Id: 067 Cj 0.0042269 4207164280 +4.06624e+09ns
Listening for cluster initialization msg
Cluster Size: 1
Is cluster head0
cluster head address00
Is cluster head0
cluster head address00
Is cluster head0
cluster head address00
Is cluster head0
cluster head address00
Is cluster head0
cluster head address00
Is cluster head0
cluster head address00
Is cluster head0
cluster head address00
Is cluster head0
cluster head address00
Is cluster head0
cluster head address00
Is cluster head0
cluster head address00
Is cluster head0
cluster head address00
Is cluster head0
cluster head address00
Is cluster head0
cluster head address00
Is cluster head0
cluster head address00
Is cluster head0
cluster head address00
Is cluster head0
cluster head address00
Is cluster head0
cluster head address00
Node Id: 087 Ci 0.00307594 Node j Id: 089 Cj 0.00308968 4469349508 +4.33258e+09ns
Listening for cluster initialization msg
Not a cluster Head: 087
Node Id: 067 Ci 0.00408493 Node j Id: 011 Cj 0.00423082 3931971586 +4.34144e+09ns
Cluster Head Node 011 Cluster Head SC Index 7:2:6
Is cluster head0
cluster head address00
Is cluster head0
cluster head address00
Is cluster head0
cluster head address00
Is cluster head0
cluster head address00
Is cluster head0
cluster head address00
Is cluster head0
cluster head address00
Is cluster head0
cluster head address00
Is cluster head0
cluster head address00
Is cluster head0
cluster head address00
Node Id: 085 Ci 0.00348801 Node j Id: 08 Cj 0.00335425 5238670950 +4.536e+09ns
Listening for cluster initialization msg
Cluster Size: 1
Is cluster head0
cluster head address00
Is cluster head0
cluster head address00
Is cluster head0
cluster head address00
Is cluster head0
cluster head address00
Is cluster head0
cluster head address00
Is cluster head0
cluster head address00
Is cluster head0
cluster head address00
Is cluster head0
cluster head address00
Is cluster head0
cluster head address00
Is cluster head0
cluster head address00
Is cluster head0
cluster head address00
Is cluster head0
cluster head address00
Is cluster head0
cluster head address00
Is cluster head0
cluster head address00
Is cluster head0
cluster head address00
Is cluster head0
cluster head address00
Node Id: 058 Ci 0.0111346 Node j Id: 090 Cj 0.00894609 8992845821 +4.91886e+09ns
Listening for cluster initialization msg
Cluster Size: 1
Is cluster head0
cluster head address00
Is cluster head0
cluster head address00
Is cluster head0
cluster head address00
Is cluster head0
cluster head address00
Is cluster head0
cluster head address00
Is cluster head0
cluster head address00
Is cluster head0
cluster head address00
Is cluster head0
cluster head address00
Is cluster head0
cluster head address00
Node Id: 08 Ci 0.00325321 Node j Id: 085 Cj 0.00347603 4421976823 +5.3527e+09ns
Cluster Head Node 085 Cluster Head SC Index 7:9:3
Is cluster head0
cluster head address00
Is cluster head0
cluster head address00
Is cluster head0
cluster head address00
Is cluster head0
cluster head address00
Is cluster head0
cluster head address00
Is cluster head0
cluster head address00
Node Id: 090 Ci 0.00841492 Node j Id: 058 Cj 0.0108254 4783913909 +9.1278e+09ns
Cluster Head Node 058 Cluster Head SC Index 3:3:2
Sending Message from Cluster Neighbor: 1:4:9 485.494
Starting Cluster Neighbor Phase
Is cluster head1
Sending Message from Cluster Neighbor: 7:4:9 606.946
Starting Cluster Neighbor Phase
Is cluster head1
Sending Message from Cluster Neighbor: 5:1:1 277.191
Starting Cluster Neighbor Phase
Is cluster head1
Sending Message from Cluster Neighbor: 4:6:4 413.599
Starting Cluster Neighbor Phase
Is cluster head1
Sending Message from Cluster Neighbor: 5:8:10 682.809
Starting Cluster Neighbor Phase
Is cluster head1
Sending Message from Cluster Neighbor: 8:4:5 519.254
Starting Cluster Neighbor Phase
Is cluster head1
Sending Message from Cluster Neighbor: 10:2:9 681.357
Starting Cluster Neighbor Phase
Is cluster head1
Sending Message from Cluster Neighbor: 3:9:1 469.146
Starting Cluster Neighbor Phase
Is cluster head1
Sending Message from Cluster Neighbor: 9:9:7 718.706
Starting Cluster Neighbor Phase
Is cluster head1
Sending Message from Cluster Neighbor: 2:2:9 457.665
Starting Cluster Neighbor Phase
Is cluster head1
Sending Message from Cluster Neighbor: 9:6:8 667.116
Starting Cluster Neighbor Phase
Is cluster head1
Sending Message from Cluster Neighbor: 10:6:10 759.686
Starting Cluster Neighbor Phase
Is cluster head1
Sending Message from Cluster Neighbor: 9:4:2 505.925
Starting Cluster Neighbor Phase
Is cluster head1
Sending Message from Cluster Neighbor: 10:6:1 584.677
Starting Cluster Neighbor Phase
Is cluster head1
Sending Message from Cluster Neighbor: 3:1:9 462.569
Starting Cluster Neighbor Phase
Is cluster head1
Sending Message from Cluster Neighbor: 7:5:8 578.373
Starting Cluster Neighbor Phase
Is cluster head1
Received Message from Cluster Neighbor: 3:1:9 462.572---2:2:9 457.665 73.291 122.474
1
Sending Message from Cluster Neighbor: 9:9:5 672.614
Starting Cluster Neighbor Phase
Is cluster head1
Received Message from Cluster Neighbor: 1:4:9 485.546---2:2:9 457.665 110.016 122.474
Received Message from Cluster Neighbor: 7:5:8 578.391---9:6:8 667.116 110.529 122.474
Received Message from Cluster Neighbor: 10:6:10 759.794---9:6:8 667.116 116.313 122.474
1
Received Message from Cluster Neighbor: 9:6:8 667.248---10:6:10 759.686 116.191 122.474
Received Message from Cluster Neighbor: 9:4:2 506.108---10:6:1 584.677 108.661 122.474
Sending Message from Cluster Neighbor: 8:7:2 534.339
Starting Cluster Neighbor Phase
Is cluster head1
Sending Message from Cluster Neighbor: 5:1:7 425.258
Starting Cluster Neighbor Phase
Is cluster head1
Sending Message from Cluster Neighbor: 5:9:6 577.652
Starting Cluster Neighbor Phase
Is cluster head1
Received Message from Cluster Neighbor: 2:2:9 457.728---3:1:9 462.569 73.0933 122.474
Received Message from Cluster Neighbor: 9:9:7 718.912---9:9:5 672.614 80.8135 122.474
1
Sending Message from Cluster Neighbor: 3:2:6 340.927
Starting Cluster Neighbor Phase
Is cluster head1
Sending Message from Cluster Neighbor: 3:6:10 575.521
Starting Cluster Neighbor Phase
Is cluster head1
Sending Message from Cluster Neighbor: 10:8:5 671.394
Starting Cluster Neighbor Phase
Is cluster head1
Sending Message from Cluster Neighbor: 7:9:7 646.522
Starting Cluster Neighbor Phase
Is cluster head1
Received Message from Cluster Neighbor: 3:2:6 340.958---5:1:7 425.258 115.934 122.474
Sending Message from Cluster Neighbor: 3:1:7 369.396
Starting Cluster Neighbor Phase
Is cluster head1
Received Message from Cluster Neighbor: 10:6:1 585.004---8:7:2 534.339 121.318 122.474
1
Sending Message from Cluster Neighbor: 1:9:6 514.089
Starting Cluster Neighbor Phase
Is cluster head1
Sending Message from Cluster Neighbor: 9:10:2 661.162
Starting Cluster Neighbor Phase
Is cluster head1
Sending Message from Cluster Neighbor: 1:8:8 536.301
Starting Cluster Neighbor Phase
Is cluster head1
Sending Message from Cluster Neighbor: 6:3:10 580.998
Starting Cluster Neighbor Phase
Is cluster head1
Received Message from Cluster Neighbor: 7:9:7 646.546---5:9:6 577.652 101.92 122.474
1
Sending Message from Cluster Neighbor: 9:7:5 606.526
Starting Cluster Neighbor Phase
Is cluster head1
Sending Message from Cluster Neighbor: 8:9:4 614.825
Starting Cluster Neighbor Phase
Is cluster head1
Sending Message from Cluster Neighbor: 10:4:3 549.331
Starting Cluster Neighbor Phase
Is cluster head1
Received Message from Cluster Neighbor: 9:7:5 606.565---10:8:5 671.394 68.0793 122.474
Sending Message from Cluster Neighbor: 8:5:10 661.896
Starting Cluster Neighbor Phase
Is cluster head1
Sending Message from Cluster Neighbor: 7:9:5 598.896
Starting Cluster Neighbor Phase
Is cluster head1
Received Message from Cluster Neighbor: 9:9:5 672.888---10:8:5 671.394 95.3636 122.474
Node Id: 030 Ci 0.00270311 Node j Id: 062 Cj 0.00265061 4059952902 +2.88326e+10ns
Cluster Head Node 062 Cluster Head SC Index 6:3:10
Received Message from Cluster Neighbor: 3:2:6 341.029---3:1:7 369.396 91.4938 122.474
1
Received Message from Cluster Neighbor: 3:1:9 462.707---3:1:7 369.396 95.7111 122.474
2
Received Message from Cluster Neighbor: 5:1:7 425.46---3:1:7 369.396 118.375 122.474
1
Received Message from Cluster Neighbor: 2:2:9 457.789---3:1:7 369.396 118.73 122.474
Sending Message from Cluster Neighbor: 6:3:6 437.171
Starting Cluster Neighbor Phase
Is cluster head1
Sending Message from Cluster Neighbor: 3:9:5 508.588
Starting Cluster Neighbor Phase
Is cluster head1
Received Message from Cluster Neighbor: 7:4:9 607.538---6:3:10 580.998 91.8595 122.474
1
Received Message from Cluster Neighbor: 3:9:5 508.59---1:9:6 514.089 114.746 122.474
1
Received Message from Cluster Neighbor: 1:8:8 536.31---1:9:6 514.089 118.556 122.474
Sending Message from Cluster Neighbor: 10:9:7 730.513
Starting Cluster Neighbor Phase
Is cluster head1
Received Message from Cluster Neighbor: 1:9:6 514.108---1:8:8 536.301 118.627 122.474
1
Sending Message from Cluster Neighbor: 9:1:9 615.85
Starting Cluster Neighbor Phase
Is cluster head1
Sending Message from Cluster Neighbor: 7:7:2 489.452
Starting Cluster Neighbor Phase
Is cluster head1
Received Message from Cluster Neighbor: 5:9:6 577.813---7:9:7 646.522 101.627 122.474
Received Message from Cluster Neighbor: 9:10:2 661.326---8:9:4 614.825 120.235 122.474
1
Received Message from Cluster Neighbor: 9:4:2 506.531---10:4:3 549.331 96.2405 122.474
Received Message from Cluster Neighbor: 7:5:8 578.737---8:5:10 661.896 102.683 122.474
Received Message from Cluster Neighbor: 8:9:4 614.966---7:9:5 598.896 91.9527 122.474
1
Sending Message from Cluster Neighbor: 7:6:2 459.132
Starting Cluster Neighbor Phase
Is cluster head1
Received Message from Cluster Neighbor: 10:8:5 671.659---9:7:5 606.526 68.3862 122.474
1
Received Message from Cluster Neighbor: 9:9:7 719.209---10:9:7 730.513 60.7132 122.474
Received Message from Cluster Neighbor: 9:9:5 673.033---9:7:5 606.526 114.867 122.474
1
Received Message from Cluster Neighbor: 5:1:7 425.562---6:3:6 437.171 119.87 122.474
Received Message from Cluster Neighbor: 7:6:2 459.175---7:7:2 489.452 83.2607 122.474
Received Message from Cluster Neighbor: 8:7:2 534.754---7:7:2 489.452 85.0123 122.474
1
Received Message from Cluster Neighbor: 10:2:9 682.098---9:1:9 615.85 109.307 122.474
1
Sending Message from Cluster Neighbor: 4:8:6 508.771
Starting Cluster Neighbor Phase
Is cluster head1
Sending Message from Cluster Neighbor: 8:10:9 741.536
Starting Cluster Neighbor Phase
Is cluster head1
Sending Message from Cluster Neighbor: 5:10:6 599.832
Starting Cluster Neighbor Phase
Is cluster head1
Received Message from Cluster Neighbor: 4:8:6 508.783---3:9:5 508.588 91.3488 122.474
1
Sending Message from Cluster Neighbor: 1:6:7 430.012
Starting Cluster Neighbor Phase
Is cluster head1
Received Message from Cluster Neighbor: 1:9:6 514.133---3:9:5 508.588 114.399 122.474
Sending Message from Cluster Neighbor: 7:6:5 501.896
Starting Cluster Neighbor Phase
Is cluster head1
Sending Message from Cluster Neighbor: 10:7:5 630.045
Starting Cluster Neighbor Phase
Is cluster head1
Sending Message from Cluster Neighbor: 8:5:4 493.996
Starting Cluster Neighbor Phase
Is cluster head1
Sending Message from Cluster Neighbor: 2:8:9 566.38
Starting Cluster Neighbor Phase
Is cluster head1
Sending Message from Cluster Neighbor: 7:7:8 602.199
Starting Cluster Neighbor Phase
Is cluster head1
Sending Message from Cluster Neighbor: 7:2:6 455.263
Starting Cluster Neighbor Phase
Is cluster head1
Sending Message from Cluster Neighbor: 9:1:2 452.885
Starting Cluster Neighbor Phase
Is cluster head1
Received Message from Cluster Neighbor: 5:9:6 577.96---5:10:6 599.832 44.8706 122.474
Received Message from Cluster Neighbor: 7:9:5 599.131---5:10:6 599.832 70.9397 122.474
1
Received Message from Cluster Neighbor: 7:9:7 646.822---8:10:9 741.536 99.2905 122.474
Sending Message from Cluster Neighbor: 3:9:2 453.294
Starting Cluster Neighbor Phase
Is cluster head1
Received Message from Cluster Neighbor: 8:7:2 534.916---7:6:2 459.132 78.9486 122.474
2
Sending Message from Cluster Neighbor: 2:10:1 475.897
Starting Cluster Neighbor Phase
Is cluster head1
Received Message from Cluster Neighbor: 7:7:2 489.705---7:6:2 459.132 83.1205 122.474
1
Sending Message from Cluster Neighbor: 5:3:10 542.853
Starting Cluster Neighbor Phase
Is cluster head1
Sending Message from Cluster Neighbor: 2:9:4 464.847
Starting Cluster Neighbor Phase
Is cluster head1
Received Message from Cluster Neighbor: 9:7:5 606.928---10:7:5 630.045 24.1334 122.474
Received Message from Cluster Neighbor: 1:8:8 536.333---1:6:7 430.012 112.022 122.474
1
Received Message from Cluster Neighbor: 9:4:2 506.835---7:6:2 459.132 121.618 122.474
1
Received Message from Cluster Neighbor: 3:9:5 508.711---4:8:6 508.771 91.1025 122.474
Received Message from Cluster Neighbor: 10:8:5 671.883---10:7:5 630.045 49.8232 122.474
2
Sending Message from Cluster Neighbor: 5:2:8 455.841
Starting Cluster Neighbor Phase
Is cluster head1
Received Message from Cluster Neighbor: 8:4:5 520.323---8:5:4 493.996 57.0045 122.474
Received Message from Cluster Neighbor: 4:6:4 414.296---4:8:6 508.771 115.619 122.474
Received Message from Cluster Neighbor: 5:10:6 599.927---4:8:6 508.771 115.877 122.474
1
Sending Message from Cluster Neighbor: 3:6:9 522.735
Starting Cluster Neighbor Phase
Is cluster head1
Node Id: 087 Ci 0.0025439 Node j Id: 089 Cj 0.0025656 4469349508 +2.9331e+10ns
Cluster Head Node 089 Cluster Head SC Index 7:7:8
Received Message from Cluster Neighbor: 9:9:5 673.233---10:7:5 630.045 102.089 122.474
Received Message from Cluster Neighbor: 10:9:7 730.833---10:7:5 630.045 112.594 122.474
1
Received Message from Cluster Neighbor: 7:6:5 502.025---8:5:4 493.996 104.749 122.474
Sending Message from Cluster Neighbor: 7:3:1 375.695
Starting Cluster Neighbor Phase
Is cluster head1
Received Message from Cluster Neighbor: 7:5:8 578.988---7:7:8 602.199 96.7321 122.474
Received Message from Cluster Neighbor: 6:3:6 437.495---7:2:6 455.263 101.335 122.474
Sending Message from Cluster Neighbor: 9:7:2 550.148
Starting Cluster Neighbor Phase
Is cluster head1
Received Message from Cluster Neighbor: 7:9:7 646.886---7:7:8 602.199 104.765 122.474
2
Received Message from Cluster Neighbor: 3:9:1 469.54---3:9:2 453.294 42.2736 122.474
Sending Message from Cluster Neighbor: 7:1:1 351.965
Starting Cluster Neighbor Phase
Is cluster head1
Sending Message from Cluster Neighbor: 6:4:10 578.115
Starting Cluster Neighbor Phase
Is cluster head1
Received Message from Cluster Neighbor: 6:3:10 581.351---5:3:10 542.853 67.7429 122.474
1
Sending Message from Cluster Neighbor: 5:4:7 445.697
Starting Cluster Neighbor Phase
Is cluster head1
Received Message from Cluster Neighbor: 3:9:2 453.351---2:10:1 475.897 94.8938 122.474
1
Sending Message from Cluster Neighbor: 10:4:6 584.843
Starting Cluster Neighbor Phase
Is cluster head1
Received Message from Cluster Neighbor: 5:1:7 425.781---5:2:8 455.841 47.4707 122.474
Received Message from Cluster Neighbor: 6:4:10 578.137---5:3:10 542.853 103.361 122.474
1
Received Message from Cluster Neighbor: 3:9:5 508.754---2:9:4 464.847 95.9245 122.474
2
Received Message from Cluster Neighbor: 5:4:7 445.716---5:2:8 455.841 80.7195 122.474
1
Sending Message from Cluster Neighbor: 2:2:1 155.566
Starting Cluster Neighbor Phase
Is cluster head1
Received Message from Cluster Neighbor: 3:6:10 575.724---3:6:9 522.735 76.0937 122.474
1
Received Message from Cluster Neighbor: 6:3:6 437.561---5:2:8 455.841 104.91 122.474
1
Received Message from Cluster Neighbor: 5:3:10 542.942---5:2:8 455.841 110.777 122.474
1
Received Message from Cluster Neighbor: 8:7:2 535.092---9:7:2 550.148 36.0664 122.474
Received Message from Cluster Neighbor: 7:7:2 489.885---9:7:2 550.148 92.072 122.474
Received Message from Cluster Neighbor: 7:6:2 459.554---9:7:2 550.148 92.8215 122.474
Sending Message from Cluster Neighbor: 1:10:9 613.966
Starting Cluster Neighbor Phase
Is cluster head1
Received Message from Cluster Neighbor: 5:1:1 278.752---7:3:1 375.695 112.515 122.474
Received Message from Cluster Neighbor: 7:3:1 375.867---7:1:1 351.965 93.4412 122.474
1
Sending Message from Cluster Neighbor: 1:1:9 415.989
Starting Cluster Neighbor Phase
Is cluster head1
Received Message from Cluster Neighbor: 9:1:2 453.22---7:1:1 351.965 102.046 122.474
1
Sending Message from Cluster Neighbor: 6:5:2 385.06
Starting Cluster Neighbor Phase
Is cluster head1
Received Message from Cluster Neighbor: 6:3:10 581.43---6:4:10 578.115 45.4239 122.474
Sending Message from Cluster Neighbor: 9:3:4 490.16
Starting Cluster Neighbor Phase
Is cluster head1
Received Message from Cluster Neighbor: 7:4:9 607.956---6:4:10 578.115 51.18 122.474
2
Received Message from Cluster Neighbor: 8:4:5 520.534---10:4:6 584.843 69.7962 122.474
Sending Message from Cluster Neighbor: 3:8:10 601.737
Starting Cluster Neighbor Phase
Is cluster head1
Received Message from Cluster Neighbor: 8:5:4 494.344---10:4:6 584.843 117.471 122.474
Received Message from Cluster Neighbor: 9:3:4 490.191---10:4:6 584.843 118.918 122.474
Received Message from Cluster Neighbor: 8:5:10 662.357---6:4:10 578.115 102.694 122.474
1
Received Message from Cluster Neighbor: 5:3:10 542.997---6:4:10 578.115 103.032 122.474
Received Message from Cluster Neighbor: 7:5:8 579.141---6:4:10 578.115 104.55 122.474
1
Sending Message from Cluster Neighbor: 3:10:1 481.787
Starting Cluster Neighbor Phase
Is cluster head1
Received Message from Cluster Neighbor: 6:3:6 437.658---5:4:7 445.697 73.3538 122.474
2
Received Message from Cluster Neighbor: 5:2:8 456.016---5:4:7 445.697 80.7881 122.474
Received Message from Cluster Neighbor: 5:1:7 425.903---5:4:7 445.697 113.868 122.474
Received Message from Cluster Neighbor: 3:2:6 341.387---5:4:7 445.697 116.943 122.474
Sending Message from Cluster Neighbor: 7:7:9 618.842
Starting Cluster Neighbor Phase
Is cluster head1
Sending Message from Cluster Neighbor: 2:5:4 307.861
Starting Cluster Neighbor Phase
Is cluster head1
Received Message from Cluster Neighbor: 2:8:9 566.45---1:10:9 613.966 84.8038 122.474
1
Received Message from Cluster Neighbor: 1:8:8 536.357---1:10:9 613.966 91.7326 122.474
Received Message from Cluster Neighbor: 3:1:9 462.958---1:1:9 415.989 76.8716 122.474
3
Received Message from Cluster Neighbor: 2:2:9 457.958---1:1:9 415.989 81.8427 122.474
1
Received Message from Cluster Neighbor: 3:1:7 369.745---1:1:9 415.989 87.7626 122.474
1
Received Message from Cluster Neighbor: 7:6:2 459.693---6:5:2 385.06 82.951 122.474
1
Sending Message from Cluster Neighbor: 9:8:2 569.843
Starting Cluster Neighbor Phase
Is cluster head1
Received Message from Cluster Neighbor: 7:7:2 490.022---6:5:2 385.06 117.641 122.474
2
Received Message from Cluster Neighbor: 3:9:1 469.647---3:10:1 481.787 31.8336 122.474
Received Message from Cluster Neighbor: 2:10:1 476.008---3:10:1 481.787 47.1156 122.474
Sending Message from Cluster Neighbor: 3:1:5 280.918
Starting Cluster Neighbor Phase
Is cluster head1
Received Message from Cluster Neighbor: 3:6:10 575.794---3:8:10 601.737 82.941 122.474
Received Message from Cluster Neighbor: 3:9:2 453.461---3:10:1 481.787 70.1452 122.474
Received Message from Cluster Neighbor: 3:6:9 522.885---3:8:10 601.737 107.671 122.474
Received Message from Cluster Neighbor: 7:7:8 602.523---7:7:9 618.842 29.7088 122.474
Sending Message from Cluster Neighbor: 4:9:2 462.927
Starting Cluster Neighbor Phase
Is cluster head1
Received Message from Cluster Neighbor: 4:9:2 462.929---3:10:1 481.787 96.1474 122.474
1
Sending Message from Cluster Neighbor: 4:2:5 318.169
Starting Cluster Neighbor Phase
Is cluster head1
Received Message from Cluster Neighbor: 7:9:7 647.126---7:7:9 618.842 107.139 122.474
3
Received Message from Cluster Neighbor: 7:5:8 579.279---7:7:9 618.842 109.388 122.474
Sending Message from Cluster Neighbor: 10:5:1 527.058
Starting Cluster Neighbor Phase
Is cluster head1
Received Message from Cluster Neighbor: 8:7:2 535.365---9:8:2 569.843 38.612 122.474
Sending Message from Cluster Neighbor: 8:2:7 503.4
Starting Cluster Neighbor Phase
Is cluster head1
Received Message from Cluster Neighbor: 10:4:3 550.298---9:3:4 490.16 82.3309 122.474
1
Received Message from Cluster Neighbor: 8:4:5 520.763---9:3:4 490.16 87.5294 122.474
Received Message from Cluster Neighbor: 9:7:2 550.524---9:8:2 569.843 54.3134 122.474
Received Message from Cluster Neighbor: 8:5:4 494.549---9:3:4 490.16 92.7369 122.474
Received Message from Cluster Neighbor: 7:2:6 455.793---9:3:4 490.16 111.226 122.474
Received Message from Cluster Neighbor: 10:4:6 585.212---9:3:4 490.16 119.107 122.474
1
Received Message from Cluster Neighbor: 4:2:5 318.231---3:1:5 280.918 63.2077 122.474
1
Sending Message from Cluster Neighbor: 4:6:2 347.811
Starting Cluster Neighbor Phase
Is cluster head1
Received Message from Cluster Neighbor: 7:7:2 490.135---9:8:2 569.843 109.762 122.474
Received Message from Cluster Neighbor: 9:10:2 661.994---9:8:2 569.843 112.031 122.474
2
Received Message from Cluster Neighbor: 7:6:2 459.845---9:8:2 569.843 116.518 122.474
Received Message from Cluster Neighbor: 10:6:1 586.054---9:8:2 569.843 119.116 122.474
2
Sending Message from Cluster Neighbor: 5:4:4 356.252
Starting Cluster Neighbor Phase
Is cluster head1
Received Message from Cluster Neighbor: 3:2:6 341.509---3:1:5 280.918 106.218 122.474
2
Received Message from Cluster Neighbor: 9:4:2 507.445---10:5:1 527.058 63.3935 122.474
Received Message from Cluster Neighbor: 3:9:2 453.538---4:9:2 462.927 76.7018 122.474
Sending Message from Cluster Neighbor: 3:5:2 285.086
Starting Cluster Neighbor Phase
Is cluster head1
Received Message from Cluster Neighbor: 3:9:1 469.728---4:9:2 462.927 92.4332 122.474
Received Message from Cluster Neighbor: 3:10:1 481.911---4:9:2 462.927 95.8763 122.474
Received Message from Cluster Neighbor: 7:2:6 455.897---8:2:7 503.4 84.0476 122.474
Sending Message from Cluster Neighbor: 1:3:3 198.209
Starting Cluster Neighbor Phase
Is cluster head1
Received Message from Cluster Neighbor: 3:5:2 285.115---4:6:2 347.811 86.8927 122.474
Received Message from Cluster Neighbor: 6:5:2 385.45---5:4:4 356.252 96.2636 122.474
1
Sending Message from Cluster Neighbor: 4:2:6 346.358
Starting Cluster Neighbor Phase
Is cluster head1
Received Message from Cluster Neighbor: 3:1:5 281.117---4:2:5 318.169 62.9003 122.474
Received Message from Cluster Neighbor: 3:2:6 341.591---4:2:5 318.169 103.561 122.474
Sending Message from Cluster Neighbor: 5:3:7 416.496
Starting Cluster Neighbor Phase
Is cluster head1
Sending Message from Cluster Neighbor: 4:6:7 453.193
Starting Cluster Neighbor Phase
Is cluster head1
Received Message from Cluster Neighbor: 2:5:4 308.003---1:3:3 198.209 116.753 122.474
1
Received Message from Cluster Neighbor: 4:2:5 318.446---4:2:6 346.358 48.9891 122.474
Received Message from Cluster Neighbor: 3:2:6 341.642---4:2:6 346.358 69.5478 122.474
Received Message from Cluster Neighbor: 3:1:5 281.206---4:2:6 346.358 74.3411 122.474
Received Message from Cluster Neighbor: 5:1:7 426.233---4:2:6 346.358 85.7862 122.474
2
Received Message from Cluster Neighbor: 4:6:2 348.001---3:5:2 285.086 87.1655 122.474
1
Received Message from Cluster Neighbor: 5:2:8 456.353---4:2:6 346.358 114.147 122.474
1
Received Message from Cluster Neighbor: 3:1:7 369.934---4:2:6 346.358 118.533 122.474
Received Message from Cluster Neighbor: 6:3:6 438.067---4:2:6 346.358 119.327 122.474
3
Sending Message from Cluster Neighbor: 7:9:3 533.423
Starting Cluster Neighbor Phase
Is cluster head1
Received Message from Cluster Neighbor: 5:4:7 446.133---5:3:7 416.496 51.1039 122.474
2
Sending Message from Cluster Neighbor: 2:6:5 358.071
Starting Cluster Neighbor Phase
Is cluster head1
Received Message from Cluster Neighbor: 4:2:6 346.482---5:3:7 416.496 81.2339 122.474
Sending Message from Cluster Neighbor: 5:1:4 305.817
Starting Cluster Neighbor Phase
Is cluster head1
Sending Message from Cluster Neighbor: 4:8:1 404.786
Starting Cluster Neighbor Phase
Is cluster head1
Received Message from Cluster Neighbor: 4:2:5 318.515---5:3:7 416.496 117.581 122.474
Received Message from Cluster Neighbor: 4:8:6 509.262---4:6:7 453.193 109.385 122.474
2
Received Message from Cluster Neighbor: 3:6:9 523.077---4:6:7 453.193 111.274 122.474
Received Message from Cluster Neighbor: 4:6:4 414.821---4:6:7 453.193 116.928 122.474
Received Message from Cluster Neighbor: 7:7:2 490.478---7:9:3 533.423 69.6688 122.474
Received Message from Cluster Neighbor: 2:5:4 308.063---2:6:5 358.071 51.3941 122.474
Received Message from Cluster Neighbor: 8:9:4 615.922---7:9:3 533.423 113.108 122.474
2
Received Message from Cluster Neighbor: 7:9:5 599.776---7:9:3 533.423 117.507 122.474
2
Received Message from Cluster Neighbor: 4:9:2 463.24---7:9:3 533.423 117.901 122.474
Received Message from Cluster Neighbor: 4:2:5 318.603---5:1:4 305.817 71.6797 122.474
Received Message from Cluster Neighbor: 1:6:7 430.139---2:6:5 358.071 114.244 122.474
Received Message from Cluster Neighbor: 3:1:5 281.345---5:1:4 305.817 95.0122 122.474
Received Message from Cluster Neighbor: 4:6:2 348.128---4:8:1 404.786 92.783 122.474
Received Message from Cluster Neighbor: 3:9:2 453.693---4:8:1 404.786 93.1506 122.474
Received Message from Cluster Neighbor: 4:2:6 346.592---5:1:4 305.817 115.674 122.474
Received Message from Cluster Neighbor: 3:10:1 482.059---4:8:1 404.786 97.2356 122.474
Received Message from Cluster Neighbor: 3:9:1 469.867---4:8:1 404.786 97.2366 122.474
Sending Message from Cluster Neighbor: 5:4:3 318.998
Starting Cluster Neighbor Phase
Is cluster head1
Sending Message from Cluster Neighbor: 1:2:3 160.928
Starting Cluster Neighbor Phase
Is cluster head1
Received Message from Cluster Neighbor: 5:4:4 357.203---5:4:3 318.998 49.4353 122.474
1
Received Message from Cluster Neighbor: 6:5:2 386.306---5:4:3 318.998 86.8974 122.474
2
Received Message from Cluster Neighbor: 3:5:2 285.674---5:4:3 318.998 121.935 122.474
Received Message from Cluster Neighbor: 1:3:3 198.555---1:2:3 160.928 39.2765 122.474
1
Sending Message from Cluster Neighbor: 3:1:3 199.017
Starting Cluster Neighbor Phase
Is cluster head1
Received Message from Cluster Neighbor: 2:2:1 157.468---3:1:3 199.017 104.577 122.474
Received Message from Cluster Neighbor: 3:1:5 282.285---3:1:3 199.017 108.742 122.474
1
Received Message from Cluster Neighbor: 5:1:4 307.206---3:1:3 199.017 114.657 122.474
1
Sending Message from Cluster Neighbor: 4:1:1 195.394
Starting Cluster Neighbor Phase
Is cluster head1
Received Message from Cluster Neighbor: 2:2:1 157.943---4:1:1 195.394 82.5471 122.474
Received Message from Cluster Neighbor: 5:1:1 281.722---4:1:1 195.394 89.6458 122.474
1
Received Message from Cluster Neighbor: 3:1:3 199.639---4:1:1 195.394 97.3833 122.474
Sending Message from Cluster Neighbor: 2:5:3 246.877
Starting Cluster Neighbor Phase
Is cluster head1
Received Message from Cluster Neighbor: 3:5:2 286.453---2:5:3 246.877 65.5292 122.474
1
Received Message from Cluster Neighbor: 2:5:4 308.736---2:5:3 246.877 86.15 122.474
2
Received Message from Cluster Neighbor: 1:3:3 198.992---2:5:3 246.877 95.1869 122.474
Received Message from Cluster Neighbor: 1:2:3 161.346---2:5:3 246.877 120.77 122.474
Sending Message from Cluster Neighbor: 3:3:2 189.094
Starting Cluster Neighbor Phase
Is cluster head1
Received Message from Cluster Neighbor: 2:2:1 159.171---3:3:2 189.094 37.6664 122.474
Received Message from Cluster Neighbor: 4:1:1 197.106---3:3:2 189.094 102.758 122.474
1
Received Message from Cluster Neighbor: 3:1:3 200.918---3:3:2 189.094 107.487 122.474
Received Message from Cluster Neighbor: 2:5:3 247.389---3:3:2 189.094 109.65 122.474
Received Message from Cluster Neighbor: 3:5:2 287.139---3:3:2 189.094 114.526 122.474
2
Received Message from Cluster Neighbor: 1:3:3 199.389---3:3:2 189.094 118.428 122.474
Received Message from Cluster Neighbor: 1:2:3 161.694---3:3:2 189.094 118.698 122.474
Adding Devices to the net device container
finish
