Waf: Entering directory `/home/raja/Downloads/ns-allinone-3.35/ns-3.35/build'
Waf: Leaving directory `/home/raja/Downloads/ns-allinone-3.35/ns-3.35/build'
Build commands will be stored in build/compile_commands.json
'build' finished successfully (0.263s)
Initializing BaseStation and Sink Mobility Model
+2.000000000s 0 ERGCRouting:FindNextHop(): [DEBUG] Is cluster head0
+2.000000000s 0 ERGCRouting:FindNextHop(): [DEBUG] cluster head address00
+2.138397218s 100 ERGCApplication:ScheduleClusterHeadSelectionPhase(): [DEBUG] Node Id: 0101 SC Index 2:2:1 At: +2.1384e+09ns Timeout Time: +2.32249e+09ns
+2.152274907s 99 ERGCApplication:ScheduleClusterHeadSelectionPhase(): [DEBUG] Node Id: 0100 SC Index 1:2:3 At: +2.15227e+09ns Timeout Time: +3.97834e+09ns
+2.158828709s 53 ERGCApplication:ScheduleClusterHeadSelectionPhase(): [DEBUG] Node Id: 054 SC Index 4:1:1 At: +2.15883e+09ns Timeout Time: +5.22675e+09ns
+2.160203807s 57 ERGCApplication:ScheduleClusterHeadSelectionPhase(): [DEBUG] Node Id: 058 SC Index 3:3:2 At: +2.1602e+09ns Timeout Time: +6.83264e+09ns
+2.165644650s 38 ERGCApplication:ScheduleClusterHeadSelectionPhase(): [DEBUG] Node Id: 039 SC Index 3:1:3 At: +2.16564e+09ns Timeout Time: +4.59372e+09ns
+2.176299435s 26 ERGCApplication:ScheduleClusterHeadSelectionPhase(): [DEBUG] Node Id: 027 SC Index 1:3:3 At: +2.1763e+09ns Timeout Time: +2.8229e+09ns
+2.187415225s 89 ERGCApplication:ScheduleClusterHeadSelectionPhase(): [DEBUG] Node Id: 090 SC Index 3:3:2 At: +2.18742e+09ns Timeout Time: +2.5965e+09ns
+2.206948186s 41 ERGCApplication:ScheduleClusterHeadSelectionPhase(): [DEBUG] Node Id: 042 SC Index 2:5:3 At: +2.20695e+09ns Timeout Time: +5.43129e+09ns
+2.215746943s 73 ERGCApplication:ScheduleClusterHeadSelectionPhase(): [DEBUG] Node Id: 074 SC Index 5:1:1 At: +2.21575e+09ns Timeout Time: +7.35311e+08ns
+2.224314892s 87 ERGCApplication:ScheduleClusterHeadSelectionPhase(): [DEBUG] Node Id: 088 SC Index 3:1:5 At: +2.22431e+09ns Timeout Time: +2.52261e+09ns
+2.229738904s 58 ERGCApplication:ScheduleClusterHeadSelectionPhase(): [DEBUG] Node Id: 059 SC Index 3:5:2 At: +2.22974e+09ns Timeout Time: +2.75244e+09ns
+2.236411196s 76 ERGCApplication:ScheduleClusterHeadSelectionPhase(): [DEBUG] Node Id: 077 SC Index 5:1:4 At: +2.23641e+09ns Timeout Time: +3.03476e+09ns
+2.246287480s 8 ERGCApplication:ScheduleClusterHeadSelectionPhase(): [DEBUG] Node Id: 09 SC Index 5:4:3 At: +2.24629e+09ns Timeout Time: +3.76616e+09ns
+2.247540069s 20 ERGCApplication:ScheduleClusterHeadSelectionPhase(): [DEBUG] Node Id: 021 SC Index 4:2:5 At: +2.24754e+09ns Timeout Time: +2.54955e+09ns
+2.248966125s 83 ERGCApplication:ScheduleClusterHeadSelectionPhase(): [DEBUG] Node Id: 084 SC Index 2:5:4 At: +2.24897e+09ns Timeout Time: +2.40522e+09ns
+2.264578275s 39 ERGCApplication:ScheduleClusterHeadSelectionPhase(): [DEBUG] Node Id: 040 SC Index 7:1:1 At: +2.26458e+09ns Timeout Time: +2.12093e+09ns
+2.267805696s 21 ERGCApplication:ScheduleClusterHeadSelectionPhase(): [DEBUG] Node Id: 022 SC Index 3:2:6 At: +2.26781e+09ns Timeout Time: +1.36656e+09ns
+2.267915607s 49 ERGCApplication:ScheduleClusterHeadSelectionPhase(): [DEBUG] Node Id: 050 SC Index 4:2:6 At: +2.26792e+09ns Timeout Time: +2.79509e+09ns
+2.269774843s 97 ERGCApplication:ScheduleClusterHeadSelectionPhase(): [DEBUG] Node Id: 098 SC Index 4:6:2 At: +2.26977e+09ns Timeout Time: +2.61818e+09ns
+2.271607444s 52 ERGCApplication:ScheduleClusterHeadSelectionPhase(): [DEBUG] Node Id: 053 SC Index 5:4:4 At: +2.27161e+09ns Timeout Time: +2.62658e+09ns
+2.281323595s 82 ERGCApplication:ScheduleClusterHeadSelectionPhase(): [DEBUG] Node Id: 083 SC Index 7:3:1 At: +2.28132e+09ns Timeout Time: +2.07969e+09ns
+2.282861852s 79 ERGCApplication:ScheduleClusterHeadSelectionPhase(): [DEBUG] Node Id: 080 SC Index 2:6:5 At: +2.28286e+09ns Timeout Time: +2.9746e+09ns
+2.288633793s 17 ERGCApplication:ScheduleClusterHeadSelectionPhase(): [DEBUG] Node Id: 018 SC Index 3:1:7 At: +2.28863e+09ns Timeout Time: +1.41412e+09ns
+2.290828717s 94 ERGCApplication:ScheduleClusterHeadSelectionPhase(): [DEBUG] Node Id: 095 SC Index 6:5:2 At: +2.29083e+09ns Timeout Time: +2.26079e+09ns
+2.309916390s 36 ERGCApplication:ScheduleClusterHeadSelectionPhase(): [DEBUG] Node Id: 037 SC Index 4:8:1 At: +2.30992e+09ns Timeout Time: +2.97442e+09ns
+2.315307632s 5 ERGCApplication:ScheduleClusterHeadSelectionPhase(): [DEBUG] Node Id: 06 SC Index 4:6:4 At: +2.31531e+09ns Timeout Time: +6.37275e+08ns
+2.315329847s 85 ERGCApplication:ScheduleClusterHeadSelectionPhase(): [DEBUG] Node Id: 086 SC Index 5:3:7 At: +2.31533e+09ns Timeout Time: +2.79885e+09ns
+2.321695478s 80 ERGCApplication:ScheduleClusterHeadSelectionPhase(): [DEBUG] Node Id: 081 SC Index 5:1:7 At: +2.3217e+09ns Timeout Time: +1.20609e+09ns
+2.322796257s 72 ERGCApplication:ScheduleClusterHeadSelectionPhase(): [DEBUG] Node Id: 073 SC Index 1:1:9 At: +2.3228e+09ns Timeout Time: +2.22546e+09ns
+2.327972873s 43 ERGCApplication:ScheduleClusterHeadSelectionPhase(): [DEBUG] Node Id: 044 SC Index 6:3:6 At: +2.32797e+09ns Timeout Time: +1.55083e+09ns
+2.332060265s 90 ERGCApplication:ScheduleClusterHeadSelectionPhase(): [DEBUG] Node Id: 091 SC Index 9:1:2 At: +2.33206e+09ns Timeout Time: +1.87806e+09ns
+2.333522067s 28 ERGCApplication:ScheduleClusterHeadSelectionPhase(): [DEBUG] Node Id: 029 SC Index 1:6:7 At: +2.33352e+09ns Timeout Time: +1.7829e+09ns
+2.335899141s 14 ERGCApplication:ScheduleClusterHeadSelectionPhase(): [DEBUG] Node Id: 015 SC Index 5:4:7 At: +2.3359e+09ns Timeout Time: +2.08377e+09ns
+2.337098118s 10 ERGCApplication:ScheduleClusterHeadSelectionPhase(): [DEBUG] Node Id: 011 SC Index 7:2:6 At: +2.3371e+09ns Timeout Time: +1.87007e+09ns
+2.339858314s 16 ERGCApplication:ScheduleClusterHeadSelectionPhase(): [DEBUG] Node Id: 017 SC Index 7:6:2 At: +2.33986e+09ns Timeout Time: +1.66414e+09ns
+2.340839232s 66 ERGCApplication:ScheduleClusterHeadSelectionPhase(): [DEBUG] Node Id: 067 SC Index 7:2:6 At: +2.34084e+09ns Timeout Time: +1.59113e+09ns
+2.342267976s 2 ERGCApplication:ScheduleClusterHeadSelectionPhase(): [DEBUG] Node Id: 03 SC Index 5:2:8 At: +2.34227e+09ns Timeout Time: +1.9637e+09ns
+2.342430844s 60 ERGCApplication:ScheduleClusterHeadSelectionPhase(): [DEBUG] Node Id: 061 SC Index 4:6:7 At: +2.34243e+09ns Timeout Time: +2.81736e+09ns
+2.344598919s 98 ERGCApplication:ScheduleClusterHeadSelectionPhase(): [DEBUG] Node Id: 099 SC Index 3:9:2 At: +2.3446e+09ns Timeout Time: +1.91214e+09ns
+2.348082344s 15 ERGCApplication:ScheduleClusterHeadSelectionPhase(): [DEBUG] Node Id: 016 SC Index 4:9:2 At: +2.34808e+09ns Timeout Time: +2.42008e+09ns
+2.350036480s 19 ERGCApplication:ScheduleClusterHeadSelectionPhase(): [DEBUG] Node Id: 020 SC Index 2:2:9 At: +2.35004e+09ns Timeout Time: +9.17551e+08ns
+2.351578284s 27 ERGCApplication:ScheduleClusterHeadSelectionPhase(): [DEBUG] Node Id: 028 SC Index 3:1:9 At: +2.35158e+09ns Timeout Time: +1.04972e+09ns
+2.355208041s 45 ERGCApplication:ScheduleClusterHeadSelectionPhase(): [DEBUG] Node Id: 046 SC Index 2:9:4 At: +2.35521e+09ns Timeout Time: +1.92682e+09ns
+2.355929723s 91 ERGCApplication:ScheduleClusterHeadSelectionPhase(): [DEBUG] Node Id: 092 SC Index 3:9:1 At: +2.35593e+09ns Timeout Time: +7.30421e+08ns
+2.358338360s 59 ERGCApplication:ScheduleClusterHeadSelectionPhase(): [DEBUG] Node Id: 060 SC Index 9:3:4 At: +2.35834e+09ns Timeout Time: +2.2098e+09ns
+2.361486141s 56 ERGCApplication:ScheduleClusterHeadSelectionPhase(): [DEBUG] Node Id: 057 SC Index 2:10:1 At: +2.36149e+09ns Timeout Time: +1.90595e+09ns
+2.362106951s 70 ERGCApplication:ScheduleClusterHeadSelectionPhase(): [DEBUG] Node Id: 071 SC Index 7:7:2 At: +2.36211e+09ns Timeout Time: +1.54367e+09ns
+2.362677736s 63 ERGCApplication:ScheduleClusterHeadSelectionPhase(): [DEBUG] Node Id: 064 SC Index 8:5:4 At: +2.36268e+09ns Timeout Time: +1.81429e+09ns
+2.363682140s 96 ERGCApplication:ScheduleClusterHeadSelectionPhase(): [DEBUG] Node Id: 097 SC Index 3:10:1 At: +2.36368e+09ns Timeout Time: +2.24757e+09ns
+2.369301922s 4 ERGCApplication:ScheduleClusterHeadSelectionPhase(): [DEBUG] Node Id: 05 SC Index 9:4:2 At: +2.3693e+09ns Timeout Time: +9.32159e+08ns
+2.369915630s 81 ERGCApplication:ScheduleClusterHeadSelectionPhase(): [DEBUG] Node Id: 082 SC Index 8:2:7 At: +2.36992e+09ns Timeout Time: +2.47246e+09ns
+2.370471073s 33 ERGCApplication:ScheduleClusterHeadSelectionPhase(): [DEBUG] Node Id: 034 SC Index 1:4:9 At: +2.37047e+09ns Timeout Time: +5.26852e+08ns
+2.370545316s 46 ERGCApplication:ScheduleClusterHeadSelectionPhase(): [DEBUG] Node Id: 047 SC Index 7:6:5 At: +2.37055e+09ns Timeout Time: +1.783e+09ns
+2.380164831s 77 ERGCApplication:ScheduleClusterHeadSelectionPhase(): [DEBUG] Node Id: 078 SC Index 8:4:5 At: +2.38016e+09ns Timeout Time: +6.22759e+08ns
+2.380485812s 37 ERGCApplication:ScheduleClusterHeadSelectionPhase(): [DEBUG] Node Id: 038 SC Index 4:8:6 At: +2.38049e+09ns Timeout Time: +1.70289e+09ns
+2.382219927s 62 ERGCApplication:ScheduleClusterHeadSelectionPhase(): [DEBUG] Node Id: 063 SC Index 3:9:5 At: +2.38222e+09ns Timeout Time: +1.49886e+09ns
+2.382432954s 67 ERGCApplication:ScheduleClusterHeadSelectionPhase(): [DEBUG] Node Id: 068 SC Index 10:5:1 At: +2.38243e+09ns Timeout Time: +2.44031e+09ns
+2.389281174s 74 ERGCApplication:ScheduleClusterHeadSelectionPhase(): [DEBUG] Node Id: 075 SC Index 1:9:6 At: +2.38928e+09ns Timeout Time: +1.32566e+09ns
+2.390600410s 22 ERGCApplication:ScheduleClusterHeadSelectionPhase(): [DEBUG] Node Id: 023 SC Index 8:7:2 At: +2.3906e+09ns Timeout Time: +1.13637e+09ns
+2.390754549s 48 ERGCApplication:ScheduleClusterHeadSelectionPhase(): [DEBUG] Node Id: 049 SC Index 3:6:9 At: +2.39075e+09ns Timeout Time: +1.93233e+09ns
+2.392345639s 84 ERGCApplication:ScheduleClusterHeadSelectionPhase(): [DEBUG] Node Id: 085 SC Index 7:9:3 At: +2.39235e+09ns Timeout Time: +2.84633e+09ns
+2.397695534s 50 ERGCApplication:ScheduleClusterHeadSelectionPhase(): [DEBUG] Node Id: 051 SC Index 10:4:3 At: +2.3977e+09ns Timeout Time: +1.40564e+09ns
+2.400620488s 23 ERGCApplication:ScheduleClusterHeadSelectionPhase(): [DEBUG] Node Id: 024 SC Index 9:7:2 At: +2.40062e+09ns Timeout Time: +1.97123e+09ns
+2.402442996s 34 ERGCApplication:ScheduleClusterHeadSelectionPhase(): [DEBUG] Node Id: 035 SC Index 5:3:10 At: +2.40244e+09ns Timeout Time: +1.86769e+09ns
+2.404951959s 95 ERGCApplication:ScheduleClusterHeadSelectionPhase(): [DEBUG] Node Id: 096 SC Index 1:8:8 At: +2.40495e+09ns Timeout Time: +1.31474e+09ns
+2.406385621s 7 ERGCApplication:ScheduleClusterHeadSelectionPhase(): [DEBUG] Node Id: 08 SC Index 7:9:3 At: +2.40639e+09ns Timeout Time: +2.01559e+09ns
+2.413817688s 32 ERGCApplication:ScheduleClusterHeadSelectionPhase(): [DEBUG] Node Id: 033 SC Index 9:8:2 At: +2.41382e+09ns Timeout Time: +2.30541e+09ns
+2.420540345s 29 ERGCApplication:ScheduleClusterHeadSelectionPhase(): [DEBUG] Node Id: 030 SC Index 6:3:10 At: +2.42054e+09ns Timeout Time: +1.63941e+09ns
+2.422393273s 65 ERGCApplication:ScheduleClusterHeadSelectionPhase(): [DEBUG] Node Id: 066 SC Index 10:6:1 At: +2.42239e+09ns Timeout Time: +9.11377e+08ns
+2.422500614s 11 ERGCApplication:ScheduleClusterHeadSelectionPhase(): [DEBUG] Node Id: 012 SC Index 7:5:8 At: +2.4225e+09ns Timeout Time: +9.89152e+08ns
+2.422775898s 78 ERGCApplication:ScheduleClusterHeadSelectionPhase(): [DEBUG] Node Id: 079 SC Index 10:4:6 At: +2.42278e+09ns Timeout Time: +2.00453e+09ns
+2.423398119s 68 ERGCApplication:ScheduleClusterHeadSelectionPhase(): [DEBUG] Node Id: 069 SC Index 2:8:9 At: +2.4234e+09ns Timeout Time: +1.77128e+09ns
+2.423432828s 6 ERGCApplication:ScheduleClusterHeadSelectionPhase(): [DEBUG] Node Id: 07 SC Index 6:4:10 At: +2.42343e+09ns Timeout Time: +1.97216e+09ns
+2.425110527s 71 ERGCApplication:ScheduleClusterHeadSelectionPhase(): [DEBUG] Node Id: 072 SC Index 5:9:6 At: +2.42511e+09ns Timeout Time: +1.15186e+09ns
+2.426485850s 61 ERGCApplication:ScheduleClusterHeadSelectionPhase(): [DEBUG] Node Id: 062 SC Index 6:3:10 At: +2.42649e+09ns Timeout Time: +1.29839e+09ns
+2.427607721s 51 ERGCApplication:ScheduleClusterHeadSelectionPhase(): [DEBUG] Node Id: 052 SC Index 3:6:10 At: +2.42761e+09ns Timeout Time: +1.23849e+09ns
+2.434335322s 86 ERGCApplication:ScheduleClusterHeadSelectionPhase(): [DEBUG] Node Id: 087 SC Index 7:7:8 At: +2.43434e+09ns Timeout Time: +2.03501e+09ns
+2.437661818s 47 ERGCApplication:ScheduleClusterHeadSelectionPhase(): [DEBUG] Node Id: 048 SC Index 7:9:5 At: +2.43766e+09ns Timeout Time: +1.3858e+09ns
+2.438741709s 93 ERGCApplication:ScheduleClusterHeadSelectionPhase(): [DEBUG] Node Id: 094 SC Index 9:7:5 At: +2.43874e+09ns Timeout Time: +1.3223e+09ns
+2.439250390s 88 ERGCApplication:ScheduleClusterHeadSelectionPhase(): [DEBUG] Node Id: 089 SC Index 7:7:8 At: +2.43925e+09ns Timeout Time: +1.76779e+09ns
+2.439960635s 3 ERGCApplication:ScheduleClusterHeadSelectionPhase(): [DEBUG] Node Id: 04 SC Index 5:10:6 At: +2.43996e+09ns Timeout Time: +1.66589e+09ns
+2.442382375s 92 ERGCApplication:ScheduleClusterHeadSelectionPhase(): [DEBUG] Node Id: 093 SC Index 7:4:9 At: +2.44238e+09ns Timeout Time: +4.65305e+08ns
+2.444993195s 30 ERGCApplication:ScheduleClusterHeadSelectionPhase(): [DEBUG] Node Id: 031 SC Index 3:8:10 At: +2.44499e+09ns Timeout Time: +2.1518e+09ns
+2.446182650s 1 ERGCApplication:ScheduleClusterHeadSelectionPhase(): [DEBUG] Node Id: 02 SC Index 8:9:4 At: +2.44618e+09ns Timeout Time: +1.32462e+09ns
+2.446321987s 25 ERGCApplication:ScheduleClusterHeadSelectionPhase(): [DEBUG] Node Id: 026 SC Index 9:1:9 At: +2.44632e+09ns Timeout Time: +1.44878e+09ns
+2.450742472s 24 ERGCApplication:ScheduleClusterHeadSelectionPhase(): [DEBUG] Node Id: 025 SC Index 7:7:9 At: +2.45074e+09ns Timeout Time: +2.19925e+09ns
+2.454315118s 42 ERGCApplication:ScheduleClusterHeadSelectionPhase(): [DEBUG] Node Id: 043 SC Index 10:7:5 At: +2.45432e+09ns Timeout Time: +1.7157e+09ns
+2.456670726s 31 ERGCApplication:ScheduleClusterHeadSelectionPhase(): [DEBUG] Node Id: 032 SC Index 1:10:9 At: +2.45667e+09ns Timeout Time: +2.07425e+09ns
+2.469695785s 55 ERGCApplication:ScheduleClusterHeadSelectionPhase(): [DEBUG] Node Id: 056 SC Index 7:9:7 At: +2.4697e+09ns Timeout Time: +1.22613e+09ns
+2.476350338s 18 ERGCApplication:ScheduleClusterHeadSelectionPhase(): [DEBUG] Node Id: 019 SC Index 9:10:2 At: +2.47635e+09ns Timeout Time: +1.23922e+09ns
+2.479083911s 44 ERGCApplication:ScheduleClusterHeadSelectionPhase(): [DEBUG] Node Id: 045 SC Index 8:5:10 At: +2.47908e+09ns Timeout Time: +1.33305e+09ns
+2.480580059s 9 ERGCApplication:ScheduleClusterHeadSelectionPhase(): [DEBUG] Node Id: 010 SC Index 9:6:8 At: +2.48058e+09ns Timeout Time: +7.8966e+08ns
+2.481927331s 54 ERGCApplication:ScheduleClusterHeadSelectionPhase(): [DEBUG] Node Id: 055 SC Index 10:8:5 At: +2.48193e+09ns Timeout Time: +1.18859e+09ns
+2.484572278s 64 ERGCApplication:ScheduleClusterHeadSelectionPhase(): [DEBUG] Node Id: 065 SC Index 9:9:5 At: +2.48457e+09ns Timeout Time: +9.44074e+08ns
+2.489344231s 12 ERGCApplication:ScheduleClusterHeadSelectionPhase(): [DEBUG] Node Id: 013 SC Index 10:2:9 At: +2.48934e+09ns Timeout Time: +5.87545e+08ns
+2.496531061s 40 ERGCApplication:ScheduleClusterHeadSelectionPhase(): [DEBUG] Node Id: 041 SC Index 5:8:10 At: +2.49653e+09ns Timeout Time: +4.72407e+08ns
+2.515831047s 35 ERGCApplication:ScheduleClusterHeadSelectionPhase(): [DEBUG] Node Id: 036 SC Index 9:9:7 At: +2.51583e+09ns Timeout Time: +7.4836e+08ns
+2.522327424s 13 ERGCApplication:ScheduleClusterHeadSelectionPhase(): [DEBUG] Node Id: 014 SC Index 10:9:7 At: +2.52233e+09ns Timeout Time: +1.37225e+09ns
+2.533211495s 69 ERGCApplication:ScheduleClusterHeadSelectionPhase(): [DEBUG] Node Id: 070 SC Index 8:10:9 At: +2.53321e+09ns Timeout Time: +1.55805e+09ns
+2.542839238s 75 ERGCApplication:ScheduleClusterHeadSelectionPhase(): [DEBUG] Node Id: 076 SC Index 10:6:10 At: +2.54284e+09ns Timeout Time: +7.40591e+08ns
+2.897322692s 33 ERGCRouting:FindNextHop(): [DEBUG] Is cluster head0
+2.897322692s 33 ERGCRouting:FindNextHop(): [DEBUG] cluster head address00
+2.907687000s 92 ERGCRouting:FindNextHop(): [DEBUG] Is cluster head0
+2.907687000s 92 ERGCRouting:FindNextHop(): [DEBUG] cluster head address00
+2.951058379s 73 ERGCRouting:FindNextHop(): [DEBUG] Is cluster head0
+2.951058379s 73 ERGCRouting:FindNextHop(): [DEBUG] cluster head address00
+2.952582145s 5 ERGCRouting:FindNextHop(): [DEBUG] Is cluster head0
+2.952582145s 5 ERGCRouting:FindNextHop(): [DEBUG] cluster head address00
+2.968937929s 40 ERGCRouting:FindNextHop(): [DEBUG] Is cluster head0
+2.968937929s 40 ERGCRouting:FindNextHop(): [DEBUG] cluster head address00
+3.002924310s 77 ERGCRouting:FindNextHop(): [DEBUG] Is cluster head0
+3.002924310s 77 ERGCRouting:FindNextHop(): [DEBUG] cluster head address00
+3.076889642s 12 ERGCRouting:FindNextHop(): [DEBUG] Is cluster head0
+3.076889642s 12 ERGCRouting:FindNextHop(): [DEBUG] cluster head address00
+3.086350683s 91 ERGCRouting:FindNextHop(): [DEBUG] Is cluster head0
+3.086350683s 91 ERGCRouting:FindNextHop(): [DEBUG] cluster head address00
+3.264190876s 35 ERGCRouting:FindNextHop(): [DEBUG] Is cluster head0
+3.264190876s 35 ERGCRouting:FindNextHop(): [DEBUG] cluster head address00
+3.267587387s 19 ERGCRouting:FindNextHop(): [DEBUG] Is cluster head0
+3.267587387s 19 ERGCRouting:FindNextHop(): [DEBUG] cluster head address00
+3.270240224s 9 ERGCRouting:FindNextHop(): [DEBUG] Is cluster head0
+3.270240224s 9 ERGCRouting:FindNextHop(): [DEBUG] cluster head address00
+3.283429744s 75 ERGCRouting:FindNextHop(): [DEBUG] Is cluster head0
+3.283429744s 75 ERGCRouting:FindNextHop(): [DEBUG] cluster head address00
+3.301460703s 4 ERGCRouting:FindNextHop(): [DEBUG] Is cluster head0
+3.301460703s 4 ERGCRouting:FindNextHop(): [DEBUG] cluster head address00
+3.333769820s 65 ERGCRouting:FindNextHop(): [DEBUG] Is cluster head0
+3.333769820s 65 ERGCRouting:FindNextHop(): [DEBUG] cluster head address00
+3.401295313s 27 ERGCRouting:FindNextHop(): [DEBUG] Is cluster head0
+3.401295313s 27 ERGCRouting:FindNextHop(): [DEBUG] cluster head address00
+3.411652945s 11 ERGCRouting:FindNextHop(): [DEBUG] Is cluster head0
+3.411652945s 11 ERGCRouting:FindNextHop(): [DEBUG] cluster head address00
+3.428645967s 64 ERGCRouting:FindNextHop(): [DEBUG] Is cluster head0
+3.428645967s 64 ERGCRouting:FindNextHop(): [DEBUG] cluster head address00
+3.526966250s 22 ERGCRouting:FindNextHop(): [DEBUG] Is cluster head0
+3.526966250s 22 ERGCRouting:FindNextHop(): [DEBUG] cluster head address00
+3.527781898s 80 ERGCRouting:FindNextHop(): [DEBUG] Is cluster head0
+3.527781898s 80 ERGCRouting:FindNextHop(): [DEBUG] cluster head address00
+3.576972395s 71 ERGCRouting:FindNextHop(): [DEBUG] Is cluster head0
+3.576972395s 71 ERGCRouting:FindNextHop(): [DEBUG] cluster head address00
+3.634365610s 21 ERGCRouting:FindNextHop(): [DEBUG] Is cluster head0
+3.634365610s 21 ERGCRouting:FindNextHop(): [DEBUG] cluster head address00
+3.666099453s 51 ERGCRouting:FindNextHop(): [DEBUG] Is cluster head0
+3.666099453s 51 ERGCRouting:FindNextHop(): [DEBUG] cluster head address00
+3.670517606s 54 ERGCRouting:FindNextHop(): [DEBUG] Is cluster head0
+3.670517606s 54 ERGCRouting:FindNextHop(): [DEBUG] cluster head address00
+3.695822105s 55 ERGCRouting:FindNextHop(): [DEBUG] Is cluster head0
+3.695822105s 55 ERGCRouting:FindNextHop(): [DEBUG] cluster head address00
+3.702758770s 17 ERGCRouting:FindNextHop(): [DEBUG] Is cluster head0
+3.702758770s 17 ERGCRouting:FindNextHop(): [DEBUG] cluster head address00
+3.714945464s 74 ERGCRouting:FindNextHop(): [DEBUG] Is cluster head0
+3.714945464s 74 ERGCRouting:FindNextHop(): [DEBUG] cluster head address00
+3.715566755s 18 ERGCRouting:FindNextHop(): [DEBUG] Is cluster head0
+3.715566755s 18 ERGCRouting:FindNextHop(): [DEBUG] cluster head address00
+3.719696295s 95 ERGCRouting:FindNextHop(): [DEBUG] Is cluster head0
+3.719696295s 95 ERGCRouting:FindNextHop(): [DEBUG] cluster head address00
+3.724871832s 61 ERGCRouting:FindNextHop(): [DEBUG] Is cluster head0
+3.724871832s 61 ERGCRouting:FindNextHop(): [DEBUG] cluster head address00
+3.761038440s 93 ERGCRouting:FindNextHop(): [DEBUG] Is cluster head0
+3.761038440s 93 ERGCRouting:FindNextHop(): [DEBUG] cluster head address00
+3.770798365s 1 ERGCRouting:FindNextHop(): [DEBUG] Is cluster head0
+3.770798365s 1 ERGCRouting:FindNextHop(): [DEBUG] cluster head address00
+3.803340167s 50 ERGCRouting:FindNextHop(): [DEBUG] Is cluster head0
+3.803340167s 50 ERGCRouting:FindNextHop(): [DEBUG] cluster head address00
+3.812133648s 44 ERGCRouting:FindNextHop(): [DEBUG] Is cluster head0
+3.812133648s 44 ERGCRouting:FindNextHop(): [DEBUG] cluster head address00
+3.823462510s 47 ERGCRouting:FindNextHop(): [DEBUG] Is cluster head0
+3.823462510s 47 ERGCRouting:FindNextHop(): [DEBUG] cluster head address00
+3.834214448s 29 ERGCApplication:HandleClusterHeadSelection(): [DEBUG] Node Id: 030 Ci 0.00321715 Node j Id: 062 Cj 0.00321867 4059952902 +3.83421e+09ns
+3.834214448s 29 ERGCApplication:HandleClusterHeadSelection(): [DEBUG] Listening for cluster initialization msg
+3.834214448s 29 ERGCApplication:HandleClusterHeadSelection(): [DEBUG] Not a cluster Head: 030
+3.878798885s 43 ERGCRouting:FindNextHop(): [DEBUG] Is cluster head0
+3.878798885s 43 ERGCRouting:FindNextHop(): [DEBUG] cluster head address00
+3.881083106s 62 ERGCRouting:FindNextHop(): [DEBUG] Is cluster head0
+3.881083106s 62 ERGCRouting:FindNextHop(): [DEBUG] cluster head address00
+3.894581972s 13 ERGCRouting:FindNextHop(): [DEBUG] Is cluster head0
+3.894581972s 13 ERGCRouting:FindNextHop(): [DEBUG] cluster head address00
+3.895101299s 25 ERGCRouting:FindNextHop(): [DEBUG] Is cluster head0
+3.895101299s 25 ERGCRouting:FindNextHop(): [DEBUG] cluster head address00
+3.905773853s 70 ERGCRouting:FindNextHop(): [DEBUG] Is cluster head0
+3.905773853s 70 ERGCRouting:FindNextHop(): [DEBUG] cluster head address00
+3.931971586s 66 ERGCRouting:FindNextHop(): [DEBUG] Is cluster head0
+3.931971586s 66 ERGCRouting:FindNextHop(): [DEBUG] cluster head address00
+4.003997006s 16 ERGCRouting:FindNextHop(): [DEBUG] Is cluster head0
+4.003997006s 16 ERGCRouting:FindNextHop(): [DEBUG] cluster head address00
+4.066243646s 10 ERGCApplication:HandleClusterHeadSelection(): [DEBUG] Node Id: 011 Ci 0.00423162 Node j Id: 067 Cj 0.0042269 4207164280 +4.06624e+09ns
+4.066243646s 10 ERGCApplication:HandleClusterHeadSelection(): [DEBUG] Listening for cluster initialization msg
+4.066243646s 10 ERGCApplication:HandleClusterHeadSelection(): [DEBUG] Cluster Size: 1
+4.083380291s 37 ERGCRouting:FindNextHop(): [DEBUG] Is cluster head0
+4.083380291s 37 ERGCRouting:FindNextHop(): [DEBUG] cluster head address00
+4.091261206s 69 ERGCRouting:FindNextHop(): [DEBUG] Is cluster head0
+4.091261206s 69 ERGCRouting:FindNextHop(): [DEBUG] cluster head address00
+4.105850007s 3 ERGCRouting:FindNextHop(): [DEBUG] Is cluster head0
+4.105850007s 3 ERGCRouting:FindNextHop(): [DEBUG] cluster head address00
+4.116426334s 28 ERGCRouting:FindNextHop(): [DEBUG] Is cluster head0
+4.116426334s 28 ERGCRouting:FindNextHop(): [DEBUG] cluster head address00
+4.153545645s 46 ERGCRouting:FindNextHop(): [DEBUG] Is cluster head0
+4.153545645s 46 ERGCRouting:FindNextHop(): [DEBUG] cluster head address00
+4.170014516s 42 ERGCRouting:FindNextHop(): [DEBUG] Is cluster head0
+4.170014516s 42 ERGCRouting:FindNextHop(): [DEBUG] cluster head address00
+4.176970382s 63 ERGCRouting:FindNextHop(): [DEBUG] Is cluster head0
+4.176970382s 63 ERGCRouting:FindNextHop(): [DEBUG] cluster head address00
+4.194674415s 68 ERGCRouting:FindNextHop(): [DEBUG] Is cluster head0
+4.194674415s 68 ERGCRouting:FindNextHop(): [DEBUG] cluster head address00
+4.207042480s 88 ERGCRouting:FindNextHop(): [DEBUG] Is cluster head0
+4.207042480s 88 ERGCRouting:FindNextHop(): [DEBUG] cluster head address00
+4.207164280s 10 ERGCRouting:FindNextHop(): [DEBUG] Is cluster head0
+4.207164280s 10 ERGCRouting:FindNextHop(): [DEBUG] cluster head address00
+4.210120372s 90 ERGCRouting:FindNextHop(): [DEBUG] Is cluster head0
+4.210120372s 90 ERGCRouting:FindNextHop(): [DEBUG] cluster head address00
+4.256734927s 98 ERGCRouting:FindNextHop(): [DEBUG] Is cluster head0
+4.256734927s 98 ERGCRouting:FindNextHop(): [DEBUG] cluster head address00
+4.267432168s 56 ERGCRouting:FindNextHop(): [DEBUG] Is cluster head0
+4.267432168s 56 ERGCRouting:FindNextHop(): [DEBUG] cluster head address00
+4.270137861s 34 ERGCRouting:FindNextHop(): [DEBUG] Is cluster head0
+4.270137861s 34 ERGCRouting:FindNextHop(): [DEBUG] cluster head address00
+4.282030021s 45 ERGCRouting:FindNextHop(): [DEBUG] Is cluster head0
+4.282030021s 45 ERGCRouting:FindNextHop(): [DEBUG] cluster head address00
+4.305966984s 2 ERGCRouting:FindNextHop(): [DEBUG] Is cluster head0
+4.305966984s 2 ERGCRouting:FindNextHop(): [DEBUG] cluster head address00
+4.323083642s 48 ERGCRouting:FindNextHop(): [DEBUG] Is cluster head0
+4.323083642s 48 ERGCRouting:FindNextHop(): [DEBUG] cluster head address00
+4.332582475s 86 ERGCApplication:HandleClusterHeadSelection(): [DEBUG] Node Id: 087 Ci 0.00307594 Node j Id: 089 Cj 0.00308968 4469349508 +4.33258e+09ns
+4.332582475s 86 ERGCApplication:HandleClusterHeadSelection(): [DEBUG] Listening for cluster initialization msg
+4.332582475s 86 ERGCApplication:HandleClusterHeadSelection(): [DEBUG] Not a cluster Head: 087
+4.341436340s 66 ERGCApplication:HandleClusterHeadSelection(): [DEBUG] Node Id: 067 Ci 0.00408493 Node j Id: 011 Cj 0.00423082 3931971586 +4.34144e+09ns
+4.341436340s 66 ERGCApplication:HandleClusterHeadSelection(): [DEBUG] Cluster Head Node 011 Cluster Head SC Index 7:2:6
+4.361016103s 82 ERGCRouting:FindNextHop(): [DEBUG] Is cluster head0
+4.361016103s 82 ERGCRouting:FindNextHop(): [DEBUG] cluster head address00
+4.371847457s 23 ERGCRouting:FindNextHop(): [DEBUG] Is cluster head0
+4.371847457s 23 ERGCRouting:FindNextHop(): [DEBUG] cluster head address00
+4.385506644s 39 ERGCRouting:FindNextHop(): [DEBUG] Is cluster head0
+4.385506644s 39 ERGCRouting:FindNextHop(): [DEBUG] cluster head address00
+4.395592532s 6 ERGCRouting:FindNextHop(): [DEBUG] Is cluster head0
+4.395592532s 6 ERGCRouting:FindNextHop(): [DEBUG] cluster head address00
+4.419670902s 14 ERGCRouting:FindNextHop(): [DEBUG] Is cluster head0
+4.419670902s 14 ERGCRouting:FindNextHop(): [DEBUG] cluster head address00
+4.421976823s 7 ERGCRouting:FindNextHop(): [DEBUG] Is cluster head0
+4.421976823s 7 ERGCRouting:FindNextHop(): [DEBUG] cluster head address00
+4.427305078s 78 ERGCRouting:FindNextHop(): [DEBUG] Is cluster head0
+4.427305078s 78 ERGCRouting:FindNextHop(): [DEBUG] cluster head address00
+4.460889588s 100 ERGCRouting:FindNextHop(): [DEBUG] Is cluster head0
+4.460889588s 100 ERGCRouting:FindNextHop(): [DEBUG] cluster head address00
+4.530921340s 31 ERGCRouting:FindNextHop(): [DEBUG] Is cluster head0
+4.530921340s 31 ERGCRouting:FindNextHop(): [DEBUG] cluster head address00
+4.536001350s 84 ERGCApplication:HandleClusterHeadSelection(): [DEBUG] Node Id: 085 Ci 0.00348801 Node j Id: 08 Cj 0.00335425 5238670950 +4.536e+09ns
+4.536001350s 84 ERGCApplication:HandleClusterHeadSelection(): [DEBUG] Listening for cluster initialization msg
+4.536001350s 84 ERGCApplication:HandleClusterHeadSelection(): [DEBUG] Cluster Size: 1
+4.548251662s 72 ERGCRouting:FindNextHop(): [DEBUG] Is cluster head0
+4.548251662s 72 ERGCRouting:FindNextHop(): [DEBUG] cluster head address00
+4.551617964s 94 ERGCRouting:FindNextHop(): [DEBUG] Is cluster head0
+4.551617964s 94 ERGCRouting:FindNextHop(): [DEBUG] cluster head address00
+4.568141100s 59 ERGCRouting:FindNextHop(): [DEBUG] Is cluster head0
+4.568141100s 59 ERGCRouting:FindNextHop(): [DEBUG] cluster head address00
+4.596790212s 30 ERGCRouting:FindNextHop(): [DEBUG] Is cluster head0
+4.596790212s 30 ERGCRouting:FindNextHop(): [DEBUG] cluster head address00
+4.611251095s 96 ERGCRouting:FindNextHop(): [DEBUG] Is cluster head0
+4.611251095s 96 ERGCRouting:FindNextHop(): [DEBUG] cluster head address00
+4.649992037s 24 ERGCRouting:FindNextHop(): [DEBUG] Is cluster head0
+4.649992037s 24 ERGCRouting:FindNextHop(): [DEBUG] cluster head address00
+4.654181137s 83 ERGCRouting:FindNextHop(): [DEBUG] Is cluster head0
+4.654181137s 83 ERGCRouting:FindNextHop(): [DEBUG] cluster head address00
+4.719224469s 32 ERGCRouting:FindNextHop(): [DEBUG] Is cluster head0
+4.719224469s 32 ERGCRouting:FindNextHop(): [DEBUG] cluster head address00
+4.746926325s 87 ERGCRouting:FindNextHop(): [DEBUG] Is cluster head0
+4.746926325s 87 ERGCRouting:FindNextHop(): [DEBUG] cluster head address00
+4.768157903s 15 ERGCRouting:FindNextHop(): [DEBUG] Is cluster head0
+4.768157903s 15 ERGCRouting:FindNextHop(): [DEBUG] cluster head address00
+4.783913909s 89 ERGCRouting:FindNextHop(): [DEBUG] Is cluster head0
+4.783913909s 89 ERGCRouting:FindNextHop(): [DEBUG] cluster head address00
+4.797090143s 20 ERGCRouting:FindNextHop(): [DEBUG] Is cluster head0
+4.797090143s 20 ERGCRouting:FindNextHop(): [DEBUG] cluster head address00
+4.822740891s 67 ERGCRouting:FindNextHop(): [DEBUG] Is cluster head0
+4.822740891s 67 ERGCRouting:FindNextHop(): [DEBUG] cluster head address00
+4.842380490s 81 ERGCRouting:FindNextHop(): [DEBUG] Is cluster head0
+4.842380490s 81 ERGCRouting:FindNextHop(): [DEBUG] cluster head address00
+4.887959833s 97 ERGCRouting:FindNextHop(): [DEBUG] Is cluster head0
+4.887959833s 97 ERGCRouting:FindNextHop(): [DEBUG] cluster head address00
+4.898183911s 52 ERGCRouting:FindNextHop(): [DEBUG] Is cluster head0
+4.898183911s 52 ERGCRouting:FindNextHop(): [DEBUG] cluster head address00
+4.918863478s 57 ERGCApplication:HandleClusterHeadSelection(): [DEBUG] Node Id: 058 Ci 0.0111346 Node j Id: 090 Cj 0.00894609 8992845821 +4.91886e+09ns
+4.918863478s 57 ERGCApplication:HandleClusterHeadSelection(): [DEBUG] Listening for cluster initialization msg
+4.918863478s 57 ERGCApplication:HandleClusterHeadSelection(): [DEBUG] Cluster Size: 1
+4.982180711s 58 ERGCRouting:FindNextHop(): [DEBUG] Is cluster head0
+4.982180711s 58 ERGCRouting:FindNextHop(): [DEBUG] cluster head address00
+4.999197162s 26 ERGCRouting:FindNextHop(): [DEBUG] Is cluster head0
+4.999197162s 26 ERGCRouting:FindNextHop(): [DEBUG] cluster head address00
+5.063008624s 49 ERGCRouting:FindNextHop(): [DEBUG] Is cluster head0
+5.063008624s 49 ERGCRouting:FindNextHop(): [DEBUG] cluster head address00
+5.114182558s 85 ERGCRouting:FindNextHop(): [DEBUG] Is cluster head0
+5.114182558s 85 ERGCRouting:FindNextHop(): [DEBUG] cluster head address00
+5.159788854s 60 ERGCRouting:FindNextHop(): [DEBUG] Is cluster head0
+5.159788854s 60 ERGCRouting:FindNextHop(): [DEBUG] cluster head address00
+5.238670950s 84 ERGCRouting:FindNextHop(): [DEBUG] Is cluster head0
+5.238670950s 84 ERGCRouting:FindNextHop(): [DEBUG] cluster head address00
+5.257464768s 79 ERGCRouting:FindNextHop(): [DEBUG] Is cluster head0
+5.257464768s 79 ERGCRouting:FindNextHop(): [DEBUG] cluster head address00
+5.271166664s 76 ERGCRouting:FindNextHop(): [DEBUG] Is cluster head0
+5.271166664s 76 ERGCRouting:FindNextHop(): [DEBUG] cluster head address00
+5.284332535s 36 ERGCRouting:FindNextHop(): [DEBUG] Is cluster head0
+5.284332535s 36 ERGCRouting:FindNextHop(): [DEBUG] cluster head address00
+5.352695477s 7 ERGCApplication:HandleClusterHeadSelection(): [DEBUG] Node Id: 08 Ci 0.00325321 Node j Id: 085 Cj 0.00347603 4421976823 +5.3527e+09ns
+5.352695477s 7 ERGCApplication:HandleClusterHeadSelection(): [DEBUG] Cluster Head Node 085 Cluster Head SC Index 7:9:3
+6.012451362s 8 ERGCRouting:FindNextHop(): [DEBUG] Is cluster head0
+6.012451362s 8 ERGCRouting:FindNextHop(): [DEBUG] cluster head address00
+6.130613665s 99 ERGCRouting:FindNextHop(): [DEBUG] Is cluster head0
+6.130613665s 99 ERGCRouting:FindNextHop(): [DEBUG] cluster head address00
+6.759359919s 38 ERGCRouting:FindNextHop(): [DEBUG] Is cluster head0
+6.759359919s 38 ERGCRouting:FindNextHop(): [DEBUG] cluster head address00
+7.385576473s 53 ERGCRouting:FindNextHop(): [DEBUG] Is cluster head0
+7.385576473s 53 ERGCRouting:FindNextHop(): [DEBUG] cluster head address00
+7.638235979s 41 ERGCRouting:FindNextHop(): [DEBUG] Is cluster head0
+7.638235979s 41 ERGCRouting:FindNextHop(): [DEBUG] cluster head address00
+8.992845821s 57 ERGCRouting:FindNextHop(): [DEBUG] Is cluster head0
+8.992845821s 57 ERGCRouting:FindNextHop(): [DEBUG] cluster head address00
+9.127795390s 89 ERGCApplication:HandleClusterHeadSelection(): [DEBUG] Node Id: 090 Ci 0.00841492 Node j Id: 058 Cj 0.0108254 4783913909 +9.1278e+09ns
+9.127795390s 89 ERGCApplication:HandleClusterHeadSelection(): [DEBUG] Cluster Head Node 058 Cluster Head SC Index 3:3:2
+27.897322692s 33 ERGCApplication:StartQueryingClusterNeighborPhase(): [DEBUG] Sending Message from Cluster Neighbor: 1:4:9 485.494
+27.897322692s 33 ERGCApplication:StartQueryingClusterNeighborPhase(): [DEBUG] Starting Cluster Neighbor Phase
+27.897322692s 33 ERGCRouting:FindNextHop(): [DEBUG] Is cluster head1
+27.907687000s 92 ERGCApplication:StartQueryingClusterNeighborPhase(): [DEBUG] Sending Message from Cluster Neighbor: 7:4:9 606.946
+27.907687000s 92 ERGCApplication:StartQueryingClusterNeighborPhase(): [DEBUG] Starting Cluster Neighbor Phase
+27.907687000s 92 ERGCRouting:FindNextHop(): [DEBUG] Is cluster head1
+27.951058379s 73 ERGCApplication:StartQueryingClusterNeighborPhase(): [DEBUG] Sending Message from Cluster Neighbor: 5:1:1 277.191
+27.951058379s 73 ERGCApplication:StartQueryingClusterNeighborPhase(): [DEBUG] Starting Cluster Neighbor Phase
+27.951058379s 73 ERGCRouting:FindNextHop(): [DEBUG] Is cluster head1
+27.952582145s 5 ERGCApplication:StartQueryingClusterNeighborPhase(): [DEBUG] Sending Message from Cluster Neighbor: 4:6:4 413.599
+27.952582145s 5 ERGCApplication:StartQueryingClusterNeighborPhase(): [DEBUG] Starting Cluster Neighbor Phase
+27.952582145s 5 ERGCRouting:FindNextHop(): [DEBUG] Is cluster head1
+27.968937929s 40 ERGCApplication:StartQueryingClusterNeighborPhase(): [DEBUG] Sending Message from Cluster Neighbor: 5:8:10 682.809
+27.968937929s 40 ERGCApplication:StartQueryingClusterNeighborPhase(): [DEBUG] Starting Cluster Neighbor Phase
+27.968937929s 40 ERGCRouting:FindNextHop(): [DEBUG] Is cluster head1
+28.002924310s 77 ERGCApplication:StartQueryingClusterNeighborPhase(): [DEBUG] Sending Message from Cluster Neighbor: 8:4:5 519.254
+28.002924310s 77 ERGCApplication:StartQueryingClusterNeighborPhase(): [DEBUG] Starting Cluster Neighbor Phase
+28.002924310s 77 ERGCRouting:FindNextHop(): [DEBUG] Is cluster head1
+28.076889642s 12 ERGCApplication:StartQueryingClusterNeighborPhase(): [DEBUG] Sending Message from Cluster Neighbor: 10:2:9 681.357
+28.076889642s 12 ERGCApplication:StartQueryingClusterNeighborPhase(): [DEBUG] Starting Cluster Neighbor Phase
+28.076889642s 12 ERGCRouting:FindNextHop(): [DEBUG] Is cluster head1
+28.086350683s 91 ERGCApplication:StartQueryingClusterNeighborPhase(): [DEBUG] Sending Message from Cluster Neighbor: 3:9:1 469.146
+28.086350683s 91 ERGCApplication:StartQueryingClusterNeighborPhase(): [DEBUG] Starting Cluster Neighbor Phase
+28.086350683s 91 ERGCRouting:FindNextHop(): [DEBUG] Is cluster head1
+28.264190876s 35 ERGCApplication:StartQueryingClusterNeighborPhase(): [DEBUG] Sending Message from Cluster Neighbor: 9:9:7 718.706
+28.264190876s 35 ERGCApplication:StartQueryingClusterNeighborPhase(): [DEBUG] Starting Cluster Neighbor Phase
+28.264190876s 35 ERGCRouting:FindNextHop(): [DEBUG] Is cluster head1
+28.267587387s 19 ERGCApplication:StartQueryingClusterNeighborPhase(): [DEBUG] Sending Message from Cluster Neighbor: 2:2:9 457.665
+28.267587387s 19 ERGCApplication:StartQueryingClusterNeighborPhase(): [DEBUG] Starting Cluster Neighbor Phase
+28.267587387s 19 ERGCRouting:FindNextHop(): [DEBUG] Is cluster head1
+28.270240224s 9 ERGCApplication:StartQueryingClusterNeighborPhase(): [DEBUG] Sending Message from Cluster Neighbor: 9:6:8 667.116
+28.270240224s 9 ERGCApplication:StartQueryingClusterNeighborPhase(): [DEBUG] Starting Cluster Neighbor Phase
+28.270240224s 9 ERGCRouting:FindNextHop(): [DEBUG] Is cluster head1
+28.283429744s 75 ERGCApplication:StartQueryingClusterNeighborPhase(): [DEBUG] Sending Message from Cluster Neighbor: 10:6:10 759.686
+28.283429744s 75 ERGCApplication:StartQueryingClusterNeighborPhase(): [DEBUG] Starting Cluster Neighbor Phase
+28.283429744s 75 ERGCRouting:FindNextHop(): [DEBUG] Is cluster head1
+28.301460703s 4 ERGCApplication:StartQueryingClusterNeighborPhase(): [DEBUG] Sending Message from Cluster Neighbor: 9:4:2 505.925
+28.301460703s 4 ERGCApplication:StartQueryingClusterNeighborPhase(): [DEBUG] Starting Cluster Neighbor Phase
+28.301460703s 4 ERGCRouting:FindNextHop(): [DEBUG] Is cluster head1
+28.333769820s 65 ERGCApplication:StartQueryingClusterNeighborPhase(): [DEBUG] Sending Message from Cluster Neighbor: 10:6:1 584.677
+28.333769820s 65 ERGCApplication:StartQueryingClusterNeighborPhase(): [DEBUG] Starting Cluster Neighbor Phase
+28.333769820s 65 ERGCRouting:FindNextHop(): [DEBUG] Is cluster head1
+28.401295313s 27 ERGCApplication:StartQueryingClusterNeighborPhase(): [DEBUG] Sending Message from Cluster Neighbor: 3:1:9 462.569
+28.401295313s 27 ERGCApplication:StartQueryingClusterNeighborPhase(): [DEBUG] Starting Cluster Neighbor Phase
+28.401295313s 27 ERGCRouting:FindNextHop(): [DEBUG] Is cluster head1
+28.411652945s 11 ERGCApplication:StartQueryingClusterNeighborPhase(): [DEBUG] Sending Message from Cluster Neighbor: 7:5:8 578.373
+28.411652945s 11 ERGCApplication:StartQueryingClusterNeighborPhase(): [DEBUG] Starting Cluster Neighbor Phase
+28.411652945s 11 ERGCRouting:FindNextHop(): [DEBUG] Is cluster head1
+28.412388200s 27 ERGCApplication:HandleAddClusterNeighbor(): [DEBUG] Received Message from Cluster Neighbor: 3:1:9 462.572---2:2:9 457.665 73.291 122.474
+28.412388200s 27 ERGCApplication:HandleAddClusterNeighbor(): [DEBUG] 1
+28.428645967s 64 ERGCApplication:StartQueryingClusterNeighborPhase(): [DEBUG] Sending Message from Cluster Neighbor: 9:9:5 672.614
+28.428645967s 64 ERGCApplication:StartQueryingClusterNeighborPhase(): [DEBUG] Starting Cluster Neighbor Phase
+28.428645967s 64 ERGCRouting:FindNextHop(): [DEBUG] Is cluster head1
+28.436979106s 33 ERGCApplication:HandleAddClusterNeighbor(): [DEBUG] Received Message from Cluster Neighbor: 1:4:9 485.546---2:2:9 457.665 110.016 122.474
+28.440026550s 11 ERGCApplication:HandleAddClusterNeighbor(): [DEBUG] Received Message from Cluster Neighbor: 7:5:8 578.391---9:6:8 667.116 110.529 122.474
+28.443741403s 75 ERGCApplication:HandleAddClusterNeighbor(): [DEBUG] Received Message from Cluster Neighbor: 10:6:10 759.794---9:6:8 667.116 116.313 122.474
+28.443741403s 75 ERGCApplication:HandleAddClusterNeighbor(): [DEBUG] 1
+28.456930923s 9 ERGCApplication:HandleAddClusterNeighbor(): [DEBUG] Received Message from Cluster Neighbor: 9:6:8 667.248---10:6:10 759.686 116.191 122.474
+28.502264107s 4 ERGCApplication:HandleAddClusterNeighbor(): [DEBUG] Received Message from Cluster Neighbor: 9:4:2 506.108---10:6:1 584.677 108.661 122.474
+28.526966250s 22 ERGCApplication:StartQueryingClusterNeighborPhase(): [DEBUG] Sending Message from Cluster Neighbor: 8:7:2 534.339
+28.526966250s 22 ERGCApplication:StartQueryingClusterNeighborPhase(): [DEBUG] Starting Cluster Neighbor Phase
+28.526966250s 22 ERGCRouting:FindNextHop(): [DEBUG] Is cluster head1
+28.527781898s 80 ERGCApplication:StartQueryingClusterNeighborPhase(): [DEBUG] Sending Message from Cluster Neighbor: 5:1:7 425.258
+28.527781898s 80 ERGCApplication:StartQueryingClusterNeighborPhase(): [DEBUG] Starting Cluster Neighbor Phase
+28.527781898s 80 ERGCRouting:FindNextHop(): [DEBUG] Is cluster head1
+28.576972395s 71 ERGCApplication:StartQueryingClusterNeighborPhase(): [DEBUG] Sending Message from Cluster Neighbor: 5:9:6 577.652
+28.576972395s 71 ERGCApplication:StartQueryingClusterNeighborPhase(): [DEBUG] Starting Cluster Neighbor Phase
+28.576972395s 71 ERGCRouting:FindNextHop(): [DEBUG] Is cluster head1
+28.577193892s 19 ERGCApplication:HandleAddClusterNeighbor(): [DEBUG] Received Message from Cluster Neighbor: 2:2:9 457.728---3:1:9 462.569 73.0933 122.474
+28.578505985s 35 ERGCApplication:HandleAddClusterNeighbor(): [DEBUG] Received Message from Cluster Neighbor: 9:9:7 718.912---9:9:5 672.614 80.8135 122.474
+28.578505985s 35 ERGCApplication:HandleAddClusterNeighbor(): [DEBUG] 1
+28.634365610s 21 ERGCApplication:StartQueryingClusterNeighborPhase(): [DEBUG] Sending Message from Cluster Neighbor: 3:2:6 340.927
+28.634365610s 21 ERGCApplication:StartQueryingClusterNeighborPhase(): [DEBUG] Starting Cluster Neighbor Phase
+28.634365610s 21 ERGCRouting:FindNextHop(): [DEBUG] Is cluster head1
+28.666099453s 51 ERGCApplication:StartQueryingClusterNeighborPhase(): [DEBUG] Sending Message from Cluster Neighbor: 3:6:10 575.521
+28.666099453s 51 ERGCApplication:StartQueryingClusterNeighborPhase(): [DEBUG] Starting Cluster Neighbor Phase
+28.666099453s 51 ERGCRouting:FindNextHop(): [DEBUG] Is cluster head1
+28.670517606s 54 ERGCApplication:StartQueryingClusterNeighborPhase(): [DEBUG] Sending Message from Cluster Neighbor: 10:8:5 671.394
+28.670517606s 54 ERGCApplication:StartQueryingClusterNeighborPhase(): [DEBUG] Starting Cluster Neighbor Phase
+28.670517606s 54 ERGCRouting:FindNextHop(): [DEBUG] Is cluster head1
+28.695822105s 55 ERGCApplication:StartQueryingClusterNeighborPhase(): [DEBUG] Sending Message from Cluster Neighbor: 7:9:7 646.522
+28.695822105s 55 ERGCApplication:StartQueryingClusterNeighborPhase(): [DEBUG] Starting Cluster Neighbor Phase
+28.695822105s 55 ERGCRouting:FindNextHop(): [DEBUG] Is cluster head1
+28.701161019s 21 ERGCApplication:HandleAddClusterNeighbor(): [DEBUG] Received Message from Cluster Neighbor: 3:2:6 340.958---5:1:7 425.258 115.934 122.474
+28.702758770s 17 ERGCApplication:StartQueryingClusterNeighborPhase(): [DEBUG] Sending Message from Cluster Neighbor: 3:1:7 369.396
+28.702758770s 17 ERGCApplication:StartQueryingClusterNeighborPhase(): [DEBUG] Starting Cluster Neighbor Phase
+28.702758770s 17 ERGCRouting:FindNextHop(): [DEBUG] Is cluster head1
+28.703749328s 65 ERGCApplication:HandleAddClusterNeighbor(): [DEBUG] Received Message from Cluster Neighbor: 10:6:1 585.004---8:7:2 534.339 121.318 122.474
+28.703749328s 65 ERGCApplication:HandleAddClusterNeighbor(): [DEBUG] 1
+28.714945464s 74 ERGCApplication:StartQueryingClusterNeighborPhase(): [DEBUG] Sending Message from Cluster Neighbor: 1:9:6 514.089
+28.714945464s 74 ERGCApplication:StartQueryingClusterNeighborPhase(): [DEBUG] Starting Cluster Neighbor Phase
+28.714945464s 74 ERGCRouting:FindNextHop(): [DEBUG] Is cluster head1
+28.715566755s 18 ERGCApplication:StartQueryingClusterNeighborPhase(): [DEBUG] Sending Message from Cluster Neighbor: 9:10:2 661.162
+28.715566755s 18 ERGCApplication:StartQueryingClusterNeighborPhase(): [DEBUG] Starting Cluster Neighbor Phase
+28.715566755s 18 ERGCRouting:FindNextHop(): [DEBUG] Is cluster head1
+28.719696295s 95 ERGCApplication:StartQueryingClusterNeighborPhase(): [DEBUG] Sending Message from Cluster Neighbor: 1:8:8 536.301
+28.719696295s 95 ERGCApplication:StartQueryingClusterNeighborPhase(): [DEBUG] Starting Cluster Neighbor Phase
+28.719696295s 95 ERGCRouting:FindNextHop(): [DEBUG] Is cluster head1
+28.724871832s 61 ERGCApplication:StartQueryingClusterNeighborPhase(): [DEBUG] Sending Message from Cluster Neighbor: 6:3:10 580.998
+28.724871832s 61 ERGCApplication:StartQueryingClusterNeighborPhase(): [DEBUG] Starting Cluster Neighbor Phase
+28.724871832s 61 ERGCRouting:FindNextHop(): [DEBUG] Is cluster head1
+28.740836316s 55 ERGCApplication:HandleAddClusterNeighbor(): [DEBUG] Received Message from Cluster Neighbor: 7:9:7 646.546---5:9:6 577.652 101.92 122.474
+28.740836316s 55 ERGCApplication:HandleAddClusterNeighbor(): [DEBUG] 1
+28.761038440s 93 ERGCApplication:StartQueryingClusterNeighborPhase(): [DEBUG] Sending Message from Cluster Neighbor: 9:7:5 606.526
+28.761038440s 93 ERGCApplication:StartQueryingClusterNeighborPhase(): [DEBUG] Starting Cluster Neighbor Phase
+28.761038440s 93 ERGCRouting:FindNextHop(): [DEBUG] Is cluster head1
+28.770798365s 1 ERGCApplication:StartQueryingClusterNeighborPhase(): [DEBUG] Sending Message from Cluster Neighbor: 8:9:4 614.825
+28.770798365s 1 ERGCApplication:StartQueryingClusterNeighborPhase(): [DEBUG] Starting Cluster Neighbor Phase
+28.770798365s 1 ERGCRouting:FindNextHop(): [DEBUG] Is cluster head1
+28.803340167s 50 ERGCApplication:StartQueryingClusterNeighborPhase(): [DEBUG] Sending Message from Cluster Neighbor: 10:4:3 549.331
+28.803340167s 50 ERGCApplication:StartQueryingClusterNeighborPhase(): [DEBUG] Starting Cluster Neighbor Phase
+28.803340167s 50 ERGCRouting:FindNextHop(): [DEBUG] Is cluster head1
+28.811977602s 93 ERGCApplication:HandleAddClusterNeighbor(): [DEBUG] Received Message from Cluster Neighbor: 9:7:5 606.565---10:8:5 671.394 68.0793 122.474
+28.812133648s 44 ERGCApplication:StartQueryingClusterNeighborPhase(): [DEBUG] Sending Message from Cluster Neighbor: 8:5:10 661.896
+28.812133648s 44 ERGCApplication:StartQueryingClusterNeighborPhase(): [DEBUG] Starting Cluster Neighbor Phase
+28.812133648s 44 ERGCRouting:FindNextHop(): [DEBUG] Is cluster head1
+28.823462510s 47 ERGCApplication:StartQueryingClusterNeighborPhase(): [DEBUG] Sending Message from Cluster Neighbor: 7:9:5 598.896
+28.823462510s 47 ERGCApplication:StartQueryingClusterNeighborPhase(): [DEBUG] Starting Cluster Neighbor Phase
+28.823462510s 47 ERGCRouting:FindNextHop(): [DEBUG] Is cluster head1
+28.830162580s 64 ERGCApplication:HandleAddClusterNeighbor(): [DEBUG] Received Message from Cluster Neighbor: 9:9:5 672.888---10:8:5 671.394 95.3636 122.474
+28.832614448s 29 ERGCApplication:HandleClusterHeadSelection(): [DEBUG] Node Id: 030 Ci 0.00270311 Node j Id: 062 Cj 0.00265061 4059952902 +2.88326e+10ns
+28.832614448s 29 ERGCApplication:HandleClusterHeadSelection(): [DEBUG] Cluster Head Node 062 Cluster Head SC Index 6:3:10
+28.859724557s 21 ERGCApplication:HandleAddClusterNeighbor(): [DEBUG] Received Message from Cluster Neighbor: 3:2:6 341.029---3:1:7 369.396 91.4938 122.474
+28.859724557s 21 ERGCApplication:HandleAddClusterNeighbor(): [DEBUG] 1
+28.862555375s 27 ERGCApplication:HandleAddClusterNeighbor(): [DEBUG] Received Message from Cluster Neighbor: 3:1:9 462.707---3:1:7 369.396 95.7111 122.474
+28.862555375s 27 ERGCApplication:HandleAddClusterNeighbor(): [DEBUG] 2
+28.877560209s 80 ERGCApplication:HandleAddClusterNeighbor(): [DEBUG] Received Message from Cluster Neighbor: 5:1:7 425.46---3:1:7 369.396 118.375 122.474
+28.877560209s 80 ERGCApplication:HandleAddClusterNeighbor(): [DEBUG] 1
+28.877947191s 19 ERGCApplication:HandleAddClusterNeighbor(): [DEBUG] Received Message from Cluster Neighbor: 2:2:9 457.789---3:1:7 369.396 118.73 122.474
+28.878798885s 43 ERGCApplication:StartQueryingClusterNeighborPhase(): [DEBUG] Sending Message from Cluster Neighbor: 6:3:6 437.171
+28.878798885s 43 ERGCApplication:StartQueryingClusterNeighborPhase(): [DEBUG] Starting Cluster Neighbor Phase
+28.878798885s 43 ERGCRouting:FindNextHop(): [DEBUG] Is cluster head1
+28.881083106s 62 ERGCApplication:StartQueryingClusterNeighborPhase(): [DEBUG] Sending Message from Cluster Neighbor: 3:9:5 508.588
+28.881083106s 62 ERGCApplication:StartQueryingClusterNeighborPhase(): [DEBUG] Starting Cluster Neighbor Phase
+28.881083106s 62 ERGCRouting:FindNextHop(): [DEBUG] Is cluster head1
+28.882030433s 92 ERGCApplication:HandleAddClusterNeighbor(): [DEBUG] Received Message from Cluster Neighbor: 7:4:9 607.538---6:3:10 580.998 91.8595 122.474
+28.882030433s 92 ERGCApplication:HandleAddClusterNeighbor(): [DEBUG] 1
+28.887348132s 62 ERGCApplication:HandleAddClusterNeighbor(): [DEBUG] Received Message from Cluster Neighbor: 3:9:5 508.59---1:9:6 514.089 114.746 122.474
+28.887348132s 62 ERGCApplication:HandleAddClusterNeighbor(): [DEBUG] 1
+28.890006017s 95 ERGCApplication:HandleAddClusterNeighbor(): [DEBUG] Received Message from Cluster Neighbor: 1:8:8 536.31---1:9:6 514.089 118.556 122.474
+28.894581972s 13 ERGCApplication:StartQueryingClusterNeighborPhase(): [DEBUG] Sending Message from Cluster Neighbor: 10:9:7 730.513
+28.894581972s 13 ERGCApplication:StartQueryingClusterNeighborPhase(): [DEBUG] Starting Cluster Neighbor Phase
+28.894581972s 13 ERGCRouting:FindNextHop(): [DEBUG] Is cluster head1
+28.894756848s 74 ERGCApplication:HandleAddClusterNeighbor(): [DEBUG] Received Message from Cluster Neighbor: 1:9:6 514.108---1:8:8 536.301 118.627 122.474
+28.894756848s 74 ERGCApplication:HandleAddClusterNeighbor(): [DEBUG] 1
+28.895101299s 25 ERGCApplication:StartQueryingClusterNeighborPhase(): [DEBUG] Sending Message from Cluster Neighbor: 9:1:9 615.85
+28.895101299s 25 ERGCApplication:StartQueryingClusterNeighborPhase(): [DEBUG] Starting Cluster Neighbor Phase
+28.895101299s 25 ERGCRouting:FindNextHop(): [DEBUG] Is cluster head1
+28.905773853s 70 ERGCApplication:StartQueryingClusterNeighborPhase(): [DEBUG] Sending Message from Cluster Neighbor: 7:7:2 489.452
+28.905773853s 70 ERGCApplication:StartQueryingClusterNeighborPhase(): [DEBUG] Starting Cluster Neighbor Phase
+28.905773853s 70 ERGCRouting:FindNextHop(): [DEBUG] Is cluster head1
+28.919285643s 71 ERGCApplication:HandleAddClusterNeighbor(): [DEBUG] Received Message from Cluster Neighbor: 5:9:6 577.813---7:9:7 646.522 101.627 122.474
+28.946899135s 18 ERGCApplication:HandleAddClusterNeighbor(): [DEBUG] Received Message from Cluster Neighbor: 9:10:2 661.326---8:9:4 614.825 120.235 122.474
+28.946899135s 18 ERGCApplication:HandleAddClusterNeighbor(): [DEBUG] 1
+28.963551159s 4 ERGCApplication:HandleAddClusterNeighbor(): [DEBUG] Received Message from Cluster Neighbor: 9:4:2 506.531---10:4:3 549.331 96.2405 122.474
+28.976603292s 11 ERGCApplication:HandleAddClusterNeighbor(): [DEBUG] Received Message from Cluster Neighbor: 7:5:8 578.737---8:5:10 661.896 102.683 122.474
+28.980673083s 1 ERGCApplication:HandleAddClusterNeighbor(): [DEBUG] Received Message from Cluster Neighbor: 8:9:4 614.966---7:9:5 598.896 91.9527 122.474
+28.980673083s 1 ERGCApplication:HandleAddClusterNeighbor(): [DEBUG] 1
+29.003997006s 16 ERGCApplication:StartQueryingClusterNeighborPhase(): [DEBUG] Sending Message from Cluster Neighbor: 7:6:2 459.132
+29.003997006s 16 ERGCApplication:StartQueryingClusterNeighborPhase(): [DEBUG] Starting Cluster Neighbor Phase
+29.003997006s 16 ERGCRouting:FindNextHop(): [DEBUG] Is cluster head1
+29.010658265s 54 ERGCApplication:HandleAddClusterNeighbor(): [DEBUG] Received Message from Cluster Neighbor: 10:8:5 671.659---9:7:5 606.526 68.3862 122.474
+29.010658265s 54 ERGCApplication:HandleAddClusterNeighbor(): [DEBUG] 1
+29.031133907s 35 ERGCApplication:HandleAddClusterNeighbor(): [DEBUG] Received Message from Cluster Neighbor: 9:9:7 719.209---10:9:7 730.513 60.7132 122.474
+29.041789926s 64 ERGCApplication:HandleAddClusterNeighbor(): [DEBUG] Received Message from Cluster Neighbor: 9:9:5 673.033---9:7:5 606.526 114.867 122.474
+29.041789926s 64 ERGCApplication:HandleAddClusterNeighbor(): [DEBUG] 1
+29.054753472s 80 ERGCApplication:HandleAddClusterNeighbor(): [DEBUG] Received Message from Cluster Neighbor: 5:1:7 425.562---6:3:6 437.171 119.87 122.474
+29.057246828s 16 ERGCApplication:HandleAddClusterNeighbor(): [DEBUG] Received Message from Cluster Neighbor: 7:6:2 459.175---7:7:2 489.452 83.2607 122.474
+29.058355694s 22 ERGCApplication:HandleAddClusterNeighbor(): [DEBUG] Received Message from Cluster Neighbor: 8:7:2 534.754---7:7:2 489.452 85.0123 122.474
+29.058355694s 22 ERGCApplication:HandleAddClusterNeighbor(): [DEBUG] 1
+29.063885811s 12 ERGCApplication:HandleAddClusterNeighbor(): [DEBUG] Received Message from Cluster Neighbor: 10:2:9 682.098---9:1:9 615.85 109.307 122.474
+29.063885811s 12 ERGCApplication:HandleAddClusterNeighbor(): [DEBUG] 1
+29.083380291s 37 ERGCApplication:StartQueryingClusterNeighborPhase(): [DEBUG] Sending Message from Cluster Neighbor: 4:8:6 508.771
+29.083380291s 37 ERGCApplication:StartQueryingClusterNeighborPhase(): [DEBUG] Starting Cluster Neighbor Phase
+29.083380291s 37 ERGCRouting:FindNextHop(): [DEBUG] Is cluster head1
+29.091261206s 69 ERGCApplication:StartQueryingClusterNeighborPhase(): [DEBUG] Sending Message from Cluster Neighbor: 8:10:9 741.536
+29.091261206s 69 ERGCApplication:StartQueryingClusterNeighborPhase(): [DEBUG] Starting Cluster Neighbor Phase
+29.091261206s 69 ERGCRouting:FindNextHop(): [DEBUG] Is cluster head1
+29.105850007s 3 ERGCApplication:StartQueryingClusterNeighborPhase(): [DEBUG] Sending Message from Cluster Neighbor: 5:10:6 599.832
+29.105850007s 3 ERGCApplication:StartQueryingClusterNeighborPhase(): [DEBUG] Starting Cluster Neighbor Phase
+29.105850007s 3 ERGCRouting:FindNextHop(): [DEBUG] Is cluster head1
+29.114064580s 37 ERGCApplication:HandleAddClusterNeighbor(): [DEBUG] Received Message from Cluster Neighbor: 4:8:6 508.783---3:9:5 508.588 91.3488 122.474
+29.114064580s 37 ERGCApplication:HandleAddClusterNeighbor(): [DEBUG] 1
+29.116426334s 28 ERGCApplication:StartQueryingClusterNeighborPhase(): [DEBUG] Sending Message from Cluster Neighbor: 1:6:7 430.012
+29.116426334s 28 ERGCApplication:StartQueryingClusterNeighborPhase(): [DEBUG] Starting Cluster Neighbor Phase
+29.116426334s 28 ERGCRouting:FindNextHop(): [DEBUG] Is cluster head1
+29.129654022s 74 ERGCApplication:HandleAddClusterNeighbor(): [DEBUG] Received Message from Cluster Neighbor: 1:9:6 514.133---3:9:5 508.588 114.399 122.474
+29.153545645s 46 ERGCApplication:StartQueryingClusterNeighborPhase(): [DEBUG] Sending Message from Cluster Neighbor: 7:6:5 501.896
+29.153545645s 46 ERGCApplication:StartQueryingClusterNeighborPhase(): [DEBUG] Starting Cluster Neighbor Phase
+29.153545645s 46 ERGCRouting:FindNextHop(): [DEBUG] Is cluster head1
+29.170014516s 42 ERGCApplication:StartQueryingClusterNeighborPhase(): [DEBUG] Sending Message from Cluster Neighbor: 10:7:5 630.045
+29.170014516s 42 ERGCApplication:StartQueryingClusterNeighborPhase(): [DEBUG] Starting Cluster Neighbor Phase
+29.170014516s 42 ERGCRouting:FindNextHop(): [DEBUG] Is cluster head1
+29.176970382s 63 ERGCApplication:StartQueryingClusterNeighborPhase(): [DEBUG] Sending Message from Cluster Neighbor: 8:5:4 493.996
+29.176970382s 63 ERGCApplication:StartQueryingClusterNeighborPhase(): [DEBUG] Starting Cluster Neighbor Phase
+29.176970382s 63 ERGCRouting:FindNextHop(): [DEBUG] Is cluster head1
+29.194674415s 68 ERGCApplication:StartQueryingClusterNeighborPhase(): [DEBUG] Sending Message from Cluster Neighbor: 2:8:9 566.38
+29.194674415s 68 ERGCApplication:StartQueryingClusterNeighborPhase(): [DEBUG] Starting Cluster Neighbor Phase
+29.194674415s 68 ERGCRouting:FindNextHop(): [DEBUG] Is cluster head1
+29.207042480s 88 ERGCApplication:StartQueryingClusterNeighborPhase(): [DEBUG] Sending Message from Cluster Neighbor: 7:7:8 602.199
+29.207042480s 88 ERGCApplication:StartQueryingClusterNeighborPhase(): [DEBUG] Starting Cluster Neighbor Phase
+29.207042480s 88 ERGCRouting:FindNextHop(): [DEBUG] Is cluster head1
+29.207164280s 10 ERGCApplication:StartQueryingClusterNeighborPhase(): [DEBUG] Sending Message from Cluster Neighbor: 7:2:6 455.263
+29.207164280s 10 ERGCApplication:StartQueryingClusterNeighborPhase(): [DEBUG] Starting Cluster Neighbor Phase
+29.207164280s 10 ERGCRouting:FindNextHop(): [DEBUG] Is cluster head1
+29.210120372s 90 ERGCApplication:StartQueryingClusterNeighborPhase(): [DEBUG] Sending Message from Cluster Neighbor: 9:1:2 452.885
+29.210120372s 90 ERGCApplication:StartQueryingClusterNeighborPhase(): [DEBUG] Starting Cluster Neighbor Phase
+29.210120372s 90 ERGCRouting:FindNextHop(): [DEBUG] Is cluster head1
+29.231768149s 71 ERGCApplication:HandleAddClusterNeighbor(): [DEBUG] Received Message from Cluster Neighbor: 5:9:6 577.96---5:10:6 599.832 44.8706 122.474
+29.249065807s 47 ERGCApplication:HandleAddClusterNeighbor(): [DEBUG] Received Message from Cluster Neighbor: 7:9:5 599.131---5:10:6 599.832 70.9397 122.474
+29.249065807s 47 ERGCApplication:HandleAddClusterNeighbor(): [DEBUG] 1
+29.253495194s 55 ERGCApplication:HandleAddClusterNeighbor(): [DEBUG] Received Message from Cluster Neighbor: 7:9:7 646.822---8:10:9 741.536 99.2905 122.474
+29.256734927s 98 ERGCApplication:StartQueryingClusterNeighborPhase(): [DEBUG] Sending Message from Cluster Neighbor: 3:9:2 453.294
+29.256734927s 98 ERGCApplication:StartQueryingClusterNeighborPhase(): [DEBUG] Starting Cluster Neighbor Phase
+29.256734927s 98 ERGCRouting:FindNextHop(): [DEBUG] Is cluster head1
+29.266693909s 22 ERGCApplication:HandleAddClusterNeighbor(): [DEBUG] Received Message from Cluster Neighbor: 8:7:2 534.916---7:6:2 459.132 78.9486 122.474
+29.266693909s 22 ERGCApplication:HandleAddClusterNeighbor(): [DEBUG] 2
+29.267432168s 56 ERGCApplication:StartQueryingClusterNeighborPhase(): [DEBUG] Sending Message from Cluster Neighbor: 2:10:1 475.897
+29.267432168s 56 ERGCApplication:StartQueryingClusterNeighborPhase(): [DEBUG] Starting Cluster Neighbor Phase
+29.267432168s 56 ERGCRouting:FindNextHop(): [DEBUG] Is cluster head1
+29.269644921s 70 ERGCApplication:HandleAddClusterNeighbor(): [DEBUG] Received Message from Cluster Neighbor: 7:7:2 489.705---7:6:2 459.132 83.1205 122.474
+29.269644921s 70 ERGCApplication:HandleAddClusterNeighbor(): [DEBUG] 1
+29.270137861s 34 ERGCApplication:StartQueryingClusterNeighborPhase(): [DEBUG] Sending Message from Cluster Neighbor: 5:3:10 542.853
+29.270137861s 34 ERGCApplication:StartQueryingClusterNeighborPhase(): [DEBUG] Starting Cluster Neighbor Phase
+29.270137861s 34 ERGCRouting:FindNextHop(): [DEBUG] Is cluster head1
+29.282030021s 45 ERGCApplication:StartQueryingClusterNeighborPhase(): [DEBUG] Sending Message from Cluster Neighbor: 2:9:4 464.847
+29.282030021s 45 ERGCApplication:StartQueryingClusterNeighborPhase(): [DEBUG] Starting Cluster Neighbor Phase
+29.282030021s 45 ERGCRouting:FindNextHop(): [DEBUG] Is cluster head1
+29.282147090s 93 ERGCApplication:HandleAddClusterNeighbor(): [DEBUG] Received Message from Cluster Neighbor: 9:7:5 606.928---10:7:5 630.045 24.1334 122.474
+29.287117418s 95 ERGCApplication:HandleAddClusterNeighbor(): [DEBUG] Received Message from Cluster Neighbor: 1:8:8 536.333---1:6:7 430.012 112.022 122.474
+29.287117418s 95 ERGCApplication:HandleAddClusterNeighbor(): [DEBUG] 1
+29.295096593s 4 ERGCApplication:HandleAddClusterNeighbor(): [DEBUG] Received Message from Cluster Neighbor: 9:4:2 506.835---7:6:2 459.132 121.618 122.474
+29.295096593s 4 ERGCApplication:HandleAddClusterNeighbor(): [DEBUG] 1
+29.296613731s 62 ERGCApplication:HandleAddClusterNeighbor(): [DEBUG] Received Message from Cluster Neighbor: 3:9:5 508.711---4:8:6 508.771 91.1025 122.474
+29.299162272s 54 ERGCApplication:HandleAddClusterNeighbor(): [DEBUG] Received Message from Cluster Neighbor: 10:8:5 671.883---10:7:5 630.045 49.8232 122.474
+29.299162272s 54 ERGCApplication:HandleAddClusterNeighbor(): [DEBUG] 2
+29.305966984s 2 ERGCApplication:StartQueryingClusterNeighborPhase(): [DEBUG] Sending Message from Cluster Neighbor: 5:2:8 455.841
+29.305966984s 2 ERGCApplication:StartQueryingClusterNeighborPhase(): [DEBUG] Starting Cluster Neighbor Phase
+29.305966984s 2 ERGCRouting:FindNextHop(): [DEBUG] Is cluster head1
+29.310940625s 77 ERGCApplication:HandleAddClusterNeighbor(): [DEBUG] Received Message from Cluster Neighbor: 8:4:5 520.323---8:5:4 493.996 57.0045 122.474
+29.312863373s 5 ERGCApplication:HandleAddClusterNeighbor(): [DEBUG] Received Message from Cluster Neighbor: 4:6:4 414.296---4:8:6 508.771 115.619 122.474
+29.312954700s 3 ERGCApplication:HandleAddClusterNeighbor(): [DEBUG] Received Message from Cluster Neighbor: 5:10:6 599.927---4:8:6 508.771 115.877 122.474
+29.312954700s 3 ERGCApplication:HandleAddClusterNeighbor(): [DEBUG] 1
+29.323083642s 48 ERGCApplication:StartQueryingClusterNeighborPhase(): [DEBUG] Sending Message from Cluster Neighbor: 3:6:9 522.735
+29.323083642s 48 ERGCApplication:StartQueryingClusterNeighborPhase(): [DEBUG] Starting Cluster Neighbor Phase
+29.323083642s 48 ERGCRouting:FindNextHop(): [DEBUG] Is cluster head1
+29.330982475s 86 ERGCApplication:HandleClusterHeadSelection(): [DEBUG] Node Id: 087 Ci 0.0025439 Node j Id: 089 Cj 0.0025656 4469349508 +2.9331e+10ns
+29.330982475s 86 ERGCApplication:HandleClusterHeadSelection(): [DEBUG] Cluster Head Node 089 Cluster Head SC Index 7:7:8
+29.334098247s 64 ERGCApplication:HandleAddClusterNeighbor(): [DEBUG] Received Message from Cluster Neighbor: 9:9:5 673.233---10:7:5 630.045 102.089 122.474
+29.341035584s 13 ERGCApplication:HandleAddClusterNeighbor(): [DEBUG] Received Message from Cluster Neighbor: 10:9:7 730.833---10:7:5 630.045 112.594 122.474
+29.341035584s 13 ERGCApplication:HandleAddClusterNeighbor(): [DEBUG] 1
+29.342868878s 46 ERGCApplication:HandleAddClusterNeighbor(): [DEBUG] Received Message from Cluster Neighbor: 7:6:5 502.025---8:5:4 493.996 104.749 122.474
+29.361016103s 82 ERGCApplication:StartQueryingClusterNeighborPhase(): [DEBUG] Sending Message from Cluster Neighbor: 7:3:1 375.695
+29.361016103s 82 ERGCApplication:StartQueryingClusterNeighborPhase(): [DEBUG] Starting Cluster Neighbor Phase
+29.361016103s 82 ERGCRouting:FindNextHop(): [DEBUG] Is cluster head1
+29.367503855s 11 ERGCApplication:HandleAddClusterNeighbor(): [DEBUG] Received Message from Cluster Neighbor: 7:5:8 578.988---7:7:8 602.199 96.7321 122.474
+29.370805323s 43 ERGCApplication:HandleAddClusterNeighbor(): [DEBUG] Received Message from Cluster Neighbor: 6:3:6 437.495---7:2:6 455.263 101.335 122.474
+29.371847457s 23 ERGCApplication:StartQueryingClusterNeighborPhase(): [DEBUG] Sending Message from Cluster Neighbor: 9:7:2 550.148
+29.371847457s 23 ERGCApplication:StartQueryingClusterNeighborPhase(): [DEBUG] Starting Cluster Neighbor Phase
+29.371847457s 23 ERGCRouting:FindNextHop(): [DEBUG] Is cluster head1
+29.372885563s 55 ERGCApplication:HandleAddClusterNeighbor(): [DEBUG] Received Message from Cluster Neighbor: 7:9:7 646.886---7:7:8 602.199 104.765 122.474
+29.372885563s 55 ERGCApplication:HandleAddClusterNeighbor(): [DEBUG] 2
+29.380933616s 91 ERGCApplication:HandleAddClusterNeighbor(): [DEBUG] Received Message from Cluster Neighbor: 3:9:1 469.54---3:9:2 453.294 42.2736 122.474
+29.385506644s 39 ERGCApplication:StartQueryingClusterNeighborPhase(): [DEBUG] Sending Message from Cluster Neighbor: 7:1:1 351.965
+29.385506644s 39 ERGCApplication:StartQueryingClusterNeighborPhase(): [DEBUG] Starting Cluster Neighbor Phase
+29.385506644s 39 ERGCRouting:FindNextHop(): [DEBUG] Is cluster head1
+29.395592532s 6 ERGCApplication:StartQueryingClusterNeighborPhase(): [DEBUG] Sending Message from Cluster Neighbor: 6:4:10 578.115
+29.395592532s 6 ERGCApplication:StartQueryingClusterNeighborPhase(): [DEBUG] Starting Cluster Neighbor Phase
+29.395592532s 6 ERGCRouting:FindNextHop(): [DEBUG] Is cluster head1
+29.411209255s 61 ERGCApplication:HandleAddClusterNeighbor(): [DEBUG] Received Message from Cluster Neighbor: 6:3:10 581.351---5:3:10 542.853 67.7429 122.474
+29.411209255s 61 ERGCApplication:HandleAddClusterNeighbor(): [DEBUG] 1
+29.419670902s 14 ERGCApplication:StartQueryingClusterNeighborPhase(): [DEBUG] Sending Message from Cluster Neighbor: 5:4:7 445.697
+29.419670902s 14 ERGCApplication:StartQueryingClusterNeighborPhase(): [DEBUG] Starting Cluster Neighbor Phase
+29.419670902s 14 ERGCRouting:FindNextHop(): [DEBUG] Is cluster head1
+29.426649631s 98 ERGCApplication:HandleAddClusterNeighbor(): [DEBUG] Received Message from Cluster Neighbor: 3:9:2 453.351---2:10:1 475.897 94.8938 122.474
+29.426649631s 98 ERGCApplication:HandleAddClusterNeighbor(): [DEBUG] 1
+29.427305078s 78 ERGCApplication:StartQueryingClusterNeighborPhase(): [DEBUG] Sending Message from Cluster Neighbor: 10:4:6 584.843
+29.427305078s 78 ERGCApplication:StartQueryingClusterNeighborPhase(): [DEBUG] Starting Cluster Neighbor Phase
+29.427305078s 78 ERGCRouting:FindNextHop(): [DEBUG] Is cluster head1
+29.433622958s 80 ERGCApplication:HandleAddClusterNeighbor(): [DEBUG] Received Message from Cluster Neighbor: 5:1:7 425.781---5:2:8 455.841 47.4707 122.474
+29.434947989s 6 ERGCApplication:HandleAddClusterNeighbor(): [DEBUG] Received Message from Cluster Neighbor: 6:4:10 578.137---5:3:10 542.853 103.361 122.474
+29.434947989s 6 ERGCApplication:HandleAddClusterNeighbor(): [DEBUG] 1
+29.441904031s 62 ERGCApplication:HandleAddClusterNeighbor(): [DEBUG] Received Message from Cluster Neighbor: 3:9:5 508.754---2:9:4 464.847 95.9245 122.474
+29.441904031s 62 ERGCApplication:HandleAddClusterNeighbor(): [DEBUG] 2
+29.455799227s 14 ERGCApplication:HandleAddClusterNeighbor(): [DEBUG] Received Message from Cluster Neighbor: 5:4:7 445.716---5:2:8 455.841 80.7195 122.474
+29.455799227s 14 ERGCApplication:HandleAddClusterNeighbor(): [DEBUG] 1
+29.460889588s 100 ERGCApplication:StartQueryingClusterNeighborPhase(): [DEBUG] Sending Message from Cluster Neighbor: 2:2:1 155.566
+29.460889588s 100 ERGCApplication:StartQueryingClusterNeighborPhase(): [DEBUG] Starting Cluster Neighbor Phase
+29.460889588s 100 ERGCRouting:FindNextHop(): [DEBUG] Is cluster head1
+29.469853434s 51 ERGCApplication:HandleAddClusterNeighbor(): [DEBUG] Received Message from Cluster Neighbor: 3:6:10 575.724---3:6:9 522.735 76.0937 122.474
+29.469853434s 51 ERGCApplication:HandleAddClusterNeighbor(): [DEBUG] 1
+29.471867443s 43 ERGCApplication:HandleAddClusterNeighbor(): [DEBUG] Received Message from Cluster Neighbor: 6:3:6 437.561---5:2:8 455.841 104.91 122.474
+29.471867443s 43 ERGCApplication:HandleAddClusterNeighbor(): [DEBUG] 1
+29.475835770s 34 ERGCApplication:HandleAddClusterNeighbor(): [DEBUG] Received Message from Cluster Neighbor: 5:3:10 542.942---5:2:8 455.841 110.777 122.474
+29.475835770s 34 ERGCApplication:HandleAddClusterNeighbor(): [DEBUG] 1
+29.491922515s 22 ERGCApplication:HandleAddClusterNeighbor(): [DEBUG] Received Message from Cluster Neighbor: 8:7:2 535.092---9:7:2 550.148 36.0664 122.474
+29.529332897s 70 ERGCApplication:HandleAddClusterNeighbor(): [DEBUG] Received Message from Cluster Neighbor: 7:7:2 489.885---9:7:2 550.148 92.072 122.474
+29.529800485s 16 ERGCApplication:HandleAddClusterNeighbor(): [DEBUG] Received Message from Cluster Neighbor: 7:6:2 459.554---9:7:2 550.148 92.8215 122.474
+29.530921340s 31 ERGCApplication:StartQueryingClusterNeighborPhase(): [DEBUG] Sending Message from Cluster Neighbor: 1:10:9 613.966
+29.530921340s 31 ERGCApplication:StartQueryingClusterNeighborPhase(): [DEBUG] Starting Cluster Neighbor Phase
+29.530921340s 31 ERGCRouting:FindNextHop(): [DEBUG] Is cluster head1
+29.532106839s 73 ERGCApplication:HandleAddClusterNeighbor(): [DEBUG] Received Message from Cluster Neighbor: 5:1:1 278.752---7:3:1 375.695 112.515 122.474
+29.543793819s 82 ERGCApplication:HandleAddClusterNeighbor(): [DEBUG] Received Message from Cluster Neighbor: 7:3:1 375.867---7:1:1 351.965 93.4412 122.474
+29.543793819s 82 ERGCApplication:HandleAddClusterNeighbor(): [DEBUG] 1
+29.548251662s 72 ERGCApplication:StartQueryingClusterNeighborPhase(): [DEBUG] Sending Message from Cluster Neighbor: 1:1:9 415.989
+29.548251662s 72 ERGCApplication:StartQueryingClusterNeighborPhase(): [DEBUG] Starting Cluster Neighbor Phase
+29.548251662s 72 ERGCRouting:FindNextHop(): [DEBUG] Is cluster head1
+29.549432277s 90 ERGCApplication:HandleAddClusterNeighbor(): [DEBUG] Received Message from Cluster Neighbor: 9:1:2 453.22---7:1:1 351.965 102.046 122.474
+29.549432277s 90 ERGCApplication:HandleAddClusterNeighbor(): [DEBUG] 1
+29.551617964s 94 ERGCApplication:StartQueryingClusterNeighborPhase(): [DEBUG] Sending Message from Cluster Neighbor: 6:5:2 385.06
+29.551617964s 94 ERGCApplication:StartQueryingClusterNeighborPhase(): [DEBUG] Starting Cluster Neighbor Phase
+29.551617964s 94 ERGCRouting:FindNextHop(): [DEBUG] Is cluster head1
+29.564687518s 61 ERGCApplication:HandleAddClusterNeighbor(): [DEBUG] Received Message from Cluster Neighbor: 6:3:10 581.43---6:4:10 578.115 45.4239 122.474
+29.568141100s 59 ERGCApplication:StartQueryingClusterNeighborPhase(): [DEBUG] Sending Message from Cluster Neighbor: 9:3:4 490.16
+29.568141100s 59 ERGCApplication:StartQueryingClusterNeighborPhase(): [DEBUG] Starting Cluster Neighbor Phase
+29.568141100s 59 ERGCRouting:FindNextHop(): [DEBUG] Is cluster head1
+29.568359901s 92 ERGCApplication:HandleAddClusterNeighbor(): [DEBUG] Received Message from Cluster Neighbor: 7:4:9 607.956---6:4:10 578.115 51.18 122.474
+29.568359901s 92 ERGCApplication:HandleAddClusterNeighbor(): [DEBUG] 2
+29.569920712s 77 ERGCApplication:HandleAddClusterNeighbor(): [DEBUG] Received Message from Cluster Neighbor: 8:4:5 520.534---10:4:6 584.843 69.7962 122.474
+29.596790212s 30 ERGCApplication:StartQueryingClusterNeighborPhase(): [DEBUG] Sending Message from Cluster Neighbor: 3:8:10 601.737
+29.596790212s 30 ERGCApplication:StartQueryingClusterNeighborPhase(): [DEBUG] Starting Cluster Neighbor Phase
+29.596790212s 30 ERGCRouting:FindNextHop(): [DEBUG] Is cluster head1
+29.601701208s 63 ERGCApplication:HandleAddClusterNeighbor(): [DEBUG] Received Message from Cluster Neighbor: 8:5:4 494.344---10:4:6 584.843 117.471 122.474
+29.602629781s 59 ERGCApplication:HandleAddClusterNeighbor(): [DEBUG] Received Message from Cluster Neighbor: 9:3:4 490.191---10:4:6 584.843 118.918 122.474
+29.602720523s 44 ERGCApplication:HandleAddClusterNeighbor(): [DEBUG] Received Message from Cluster Neighbor: 8:5:10 662.357---6:4:10 578.115 102.694 122.474
+29.602720523s 44 ERGCApplication:HandleAddClusterNeighbor(): [DEBUG] 1
+29.603150501s 34 ERGCApplication:HandleAddClusterNeighbor(): [DEBUG] Received Message from Cluster Neighbor: 5:3:10 542.997---6:4:10 578.115 103.032 122.474
+29.603977182s 11 ERGCApplication:HandleAddClusterNeighbor(): [DEBUG] Received Message from Cluster Neighbor: 7:5:8 579.141---6:4:10 578.115 104.55 122.474
+29.603977182s 11 ERGCApplication:HandleAddClusterNeighbor(): [DEBUG] 1
+29.611251095s 96 ERGCApplication:StartQueryingClusterNeighborPhase(): [DEBUG] Sending Message from Cluster Neighbor: 3:10:1 481.787
+29.611251095s 96 ERGCApplication:StartQueryingClusterNeighborPhase(): [DEBUG] Starting Cluster Neighbor Phase
+29.611251095s 96 ERGCRouting:FindNextHop(): [DEBUG] Is cluster head1
+29.617675205s 43 ERGCApplication:HandleAddClusterNeighbor(): [DEBUG] Received Message from Cluster Neighbor: 6:3:6 437.658---5:4:7 445.697 73.3538 122.474
+29.617675205s 43 ERGCApplication:HandleAddClusterNeighbor(): [DEBUG] 2
+29.622701071s 2 ERGCApplication:HandleAddClusterNeighbor(): [DEBUG] Received Message from Cluster Neighbor: 5:2:8 456.016---5:4:7 445.697 80.7881 122.474
+29.644766765s 80 ERGCApplication:HandleAddClusterNeighbor(): [DEBUG] Received Message from Cluster Neighbor: 5:1:7 425.903---5:4:7 445.697 113.868 122.474
+29.646934481s 21 ERGCApplication:HandleAddClusterNeighbor(): [DEBUG] Received Message from Cluster Neighbor: 3:2:6 341.387---5:4:7 445.697 116.943 122.474
+29.649992037s 24 ERGCApplication:StartQueryingClusterNeighborPhase(): [DEBUG] Sending Message from Cluster Neighbor: 7:7:9 618.842
+29.649992037s 24 ERGCApplication:StartQueryingClusterNeighborPhase(): [DEBUG] Starting Cluster Neighbor Phase
+29.649992037s 24 ERGCRouting:FindNextHop(): [DEBUG] Is cluster head1
+29.654181137s 83 ERGCApplication:StartQueryingClusterNeighborPhase(): [DEBUG] Sending Message from Cluster Neighbor: 2:5:4 307.861
+29.654181137s 83 ERGCApplication:StartQueryingClusterNeighborPhase(): [DEBUG] Starting Cluster Neighbor Phase
+29.654181137s 83 ERGCRouting:FindNextHop(): [DEBUG] Is cluster head1
+29.683401186s 68 ERGCApplication:HandleAddClusterNeighbor(): [DEBUG] Received Message from Cluster Neighbor: 2:8:9 566.45---1:10:9 613.966 84.8038 122.474
+29.683401186s 68 ERGCApplication:HandleAddClusterNeighbor(): [DEBUG] 1
+29.688080635s 95 ERGCApplication:HandleAddClusterNeighbor(): [DEBUG] Received Message from Cluster Neighbor: 1:8:8 536.357---1:10:9 613.966 91.7326 122.474
+29.695411126s 27 ERGCApplication:HandleAddClusterNeighbor(): [DEBUG] Received Message from Cluster Neighbor: 3:1:9 462.958---1:1:9 415.989 76.8716 122.474
+29.695411126s 27 ERGCApplication:HandleAddClusterNeighbor(): [DEBUG] 3
+29.698784161s 19 ERGCApplication:HandleAddClusterNeighbor(): [DEBUG] Received Message from Cluster Neighbor: 2:2:9 457.958---1:1:9 415.989 81.8427 122.474
+29.698784161s 19 ERGCApplication:HandleAddClusterNeighbor(): [DEBUG] 1
+29.702690854s 17 ERGCApplication:HandleAddClusterNeighbor(): [DEBUG] Received Message from Cluster Neighbor: 3:1:7 369.745---1:1:9 415.989 87.7626 122.474
+29.702690854s 17 ERGCApplication:HandleAddClusterNeighbor(): [DEBUG] 1
+29.702831376s 16 ERGCApplication:HandleAddClusterNeighbor(): [DEBUG] Received Message from Cluster Neighbor: 7:6:2 459.693---6:5:2 385.06 82.951 122.474
+29.702831376s 16 ERGCApplication:HandleAddClusterNeighbor(): [DEBUG] 1
+29.719224469s 32 ERGCApplication:StartQueryingClusterNeighborPhase(): [DEBUG] Sending Message from Cluster Neighbor: 9:8:2 569.843
+29.719224469s 32 ERGCApplication:StartQueryingClusterNeighborPhase(): [DEBUG] Starting Cluster Neighbor Phase
+29.719224469s 32 ERGCRouting:FindNextHop(): [DEBUG] Is cluster head1
+29.726001528s 70 ERGCApplication:HandleAddClusterNeighbor(): [DEBUG] Received Message from Cluster Neighbor: 7:7:2 490.022---6:5:2 385.06 117.641 122.474
+29.726001528s 70 ERGCApplication:HandleAddClusterNeighbor(): [DEBUG] 2
+29.728505064s 91 ERGCApplication:HandleAddClusterNeighbor(): [DEBUG] Received Message from Cluster Neighbor: 3:9:1 469.647---3:10:1 481.787 31.8336 122.474
+29.738741623s 56 ERGCApplication:HandleAddClusterNeighbor(): [DEBUG] Received Message from Cluster Neighbor: 2:10:1 476.008---3:10:1 481.787 47.1156 122.474
+29.746926325s 87 ERGCApplication:StartQueryingClusterNeighborPhase(): [DEBUG] Sending Message from Cluster Neighbor: 3:1:5 280.918
+29.746926325s 87 ERGCApplication:StartQueryingClusterNeighborPhase(): [DEBUG] Starting Cluster Neighbor Phase
+29.746926325s 87 ERGCRouting:FindNextHop(): [DEBUG] Is cluster head1
+29.748088888s 51 ERGCApplication:HandleAddClusterNeighbor(): [DEBUG] Received Message from Cluster Neighbor: 3:6:10 575.794---3:8:10 601.737 82.941 122.474
+29.754020713s 98 ERGCApplication:HandleAddClusterNeighbor(): [DEBUG] Received Message from Cluster Neighbor: 3:9:2 453.461---3:10:1 481.787 70.1452 122.474
+29.764541551s 48 ERGCApplication:HandleAddClusterNeighbor(): [DEBUG] Received Message from Cluster Neighbor: 3:6:9 522.885---3:8:10 601.737 107.671 122.474
+29.765773470s 88 ERGCApplication:HandleAddClusterNeighbor(): [DEBUG] Received Message from Cluster Neighbor: 7:7:8 602.523---7:7:9 618.842 29.7088 122.474
+29.768157903s 15 ERGCApplication:StartQueryingClusterNeighborPhase(): [DEBUG] Sending Message from Cluster Neighbor: 4:9:2 462.927
+29.768157903s 15 ERGCApplication:StartQueryingClusterNeighborPhase(): [DEBUG] Starting Cluster Neighbor Phase
+29.768157903s 15 ERGCRouting:FindNextHop(): [DEBUG] Is cluster head1
+29.771274298s 15 ERGCApplication:HandleAddClusterNeighbor(): [DEBUG] Received Message from Cluster Neighbor: 4:9:2 462.929---3:10:1 481.787 96.1474 122.474
+29.771274298s 15 ERGCApplication:HandleAddClusterNeighbor(): [DEBUG] 1
+29.797090143s 20 ERGCApplication:StartQueryingClusterNeighborPhase(): [DEBUG] Sending Message from Cluster Neighbor: 4:2:5 318.169
+29.797090143s 20 ERGCApplication:StartQueryingClusterNeighborPhase(): [DEBUG] Starting Cluster Neighbor Phase
+29.797090143s 20 ERGCRouting:FindNextHop(): [DEBUG] Is cluster head1
+29.817407804s 55 ERGCApplication:HandleAddClusterNeighbor(): [DEBUG] Received Message from Cluster Neighbor: 7:9:7 647.126---7:7:9 618.842 107.139 122.474
+29.817407804s 55 ERGCApplication:HandleAddClusterNeighbor(): [DEBUG] 3
+29.818882900s 11 ERGCApplication:HandleAddClusterNeighbor(): [DEBUG] Received Message from Cluster Neighbor: 7:5:8 579.279---7:7:9 618.842 109.388 122.474
+29.822740891s 67 ERGCApplication:StartQueryingClusterNeighborPhase(): [DEBUG] Sending Message from Cluster Neighbor: 10:5:1 527.058
+29.822740891s 67 ERGCApplication:StartQueryingClusterNeighborPhase(): [DEBUG] Starting Cluster Neighbor Phase
+29.822740891s 67 ERGCRouting:FindNextHop(): [DEBUG] Is cluster head1
+29.841011268s 22 ERGCApplication:HandleAddClusterNeighbor(): [DEBUG] Received Message from Cluster Neighbor: 8:7:2 535.365---9:8:2 569.843 38.612 122.474
+29.842380490s 81 ERGCApplication:StartQueryingClusterNeighborPhase(): [DEBUG] Sending Message from Cluster Neighbor: 8:2:7 503.4
+29.842380490s 81 ERGCApplication:StartQueryingClusterNeighborPhase(): [DEBUG] Starting Cluster Neighbor Phase
+29.842380490s 81 ERGCRouting:FindNextHop(): [DEBUG] Is cluster head1
+29.845543340s 50 ERGCApplication:HandleAddClusterNeighbor(): [DEBUG] Received Message from Cluster Neighbor: 10:4:3 550.298---9:3:4 490.16 82.3309 122.474
+29.845543340s 50 ERGCApplication:HandleAddClusterNeighbor(): [DEBUG] 1
+29.849198594s 77 ERGCApplication:HandleAddClusterNeighbor(): [DEBUG] Received Message from Cluster Neighbor: 8:4:5 520.763---9:3:4 490.16 87.5294 122.474
+29.851445714s 23 ERGCApplication:HandleAddClusterNeighbor(): [DEBUG] Received Message from Cluster Neighbor: 9:7:2 550.524---9:8:2 569.843 54.3134 122.474
+29.852711652s 63 ERGCApplication:HandleAddClusterNeighbor(): [DEBUG] Received Message from Cluster Neighbor: 8:5:4 494.549---9:3:4 490.16 92.7369 122.474
+29.865095012s 10 ERGCApplication:HandleAddClusterNeighbor(): [DEBUG] Received Message from Cluster Neighbor: 7:2:6 455.793---9:3:4 490.16 111.226 122.474
+29.870137773s 78 ERGCApplication:HandleAddClusterNeighbor(): [DEBUG] Received Message from Cluster Neighbor: 10:4:6 585.212---9:3:4 490.16 119.107 122.474
+29.870137773s 78 ERGCApplication:HandleAddClusterNeighbor(): [DEBUG] 1
+29.884995110s 20 ERGCApplication:HandleAddClusterNeighbor(): [DEBUG] Received Message from Cluster Neighbor: 4:2:5 318.231---3:1:5 280.918 63.2077 122.474
+29.884995110s 20 ERGCApplication:HandleAddClusterNeighbor(): [DEBUG] 1
+29.887959833s 97 ERGCApplication:StartQueryingClusterNeighborPhase(): [DEBUG] Sending Message from Cluster Neighbor: 4:6:2 347.811
+29.887959833s 97 ERGCApplication:StartQueryingClusterNeighborPhase(): [DEBUG] Starting Cluster Neighbor Phase
+29.887959833s 97 ERGCRouting:FindNextHop(): [DEBUG] Is cluster head1
+29.888501254s 70 ERGCApplication:HandleAddClusterNeighbor(): [DEBUG] Received Message from Cluster Neighbor: 7:7:2 490.135---9:8:2 569.843 109.762 122.474
+29.889882082s 18 ERGCApplication:HandleAddClusterNeighbor(): [DEBUG] Received Message from Cluster Neighbor: 9:10:2 661.994---9:8:2 569.843 112.031 122.474
+29.889882082s 18 ERGCApplication:HandleAddClusterNeighbor(): [DEBUG] 2
+29.892974155s 16 ERGCApplication:HandleAddClusterNeighbor(): [DEBUG] Received Message from Cluster Neighbor: 7:6:2 459.845---9:8:2 569.843 116.518 122.474
+29.894559369s 65 ERGCApplication:HandleAddClusterNeighbor(): [DEBUG] Received Message from Cluster Neighbor: 10:6:1 586.054---9:8:2 569.843 119.116 122.474
+29.894559369s 65 ERGCApplication:HandleAddClusterNeighbor(): [DEBUG] 2
+29.898183911s 52 ERGCApplication:StartQueryingClusterNeighborPhase(): [DEBUG] Sending Message from Cluster Neighbor: 5:4:4 356.252
+29.898183911s 52 ERGCApplication:StartQueryingClusterNeighborPhase(): [DEBUG] Starting Cluster Neighbor Phase
+29.898183911s 52 ERGCRouting:FindNextHop(): [DEBUG] Is cluster head1
+29.913759159s 21 ERGCApplication:HandleAddClusterNeighbor(): [DEBUG] Received Message from Cluster Neighbor: 3:2:6 341.509---3:1:5 280.918 106.218 122.474
+29.913759159s 21 ERGCApplication:HandleAddClusterNeighbor(): [DEBUG] 2
+29.961030119s 4 ERGCApplication:HandleAddClusterNeighbor(): [DEBUG] Received Message from Cluster Neighbor: 9:4:2 507.445---10:5:1 527.058 63.3935 122.474
+29.980952967s 98 ERGCApplication:HandleAddClusterNeighbor(): [DEBUG] Received Message from Cluster Neighbor: 3:9:2 453.538---4:9:2 462.927 76.7018 122.474
+29.982180711s 58 ERGCApplication:StartQueryingClusterNeighborPhase(): [DEBUG] Sending Message from Cluster Neighbor: 3:5:2 285.086
+29.982180711s 58 ERGCApplication:StartQueryingClusterNeighborPhase(): [DEBUG] Starting Cluster Neighbor Phase
+29.982180711s 58 ERGCRouting:FindNextHop(): [DEBUG] Is cluster head1
+29.991436908s 91 ERGCApplication:HandleAddClusterNeighbor(): [DEBUG] Received Message from Cluster Neighbor: 3:9:1 469.728---4:9:2 462.927 92.4332 122.474
+29.993708957s 96 ERGCApplication:HandleAddClusterNeighbor(): [DEBUG] Received Message from Cluster Neighbor: 3:10:1 481.911---4:9:2 462.927 95.8763 122.474
+29.994424547s 10 ERGCApplication:HandleAddClusterNeighbor(): [DEBUG] Received Message from Cluster Neighbor: 7:2:6 455.897---8:2:7 503.4 84.0476 122.474
+29.999197162s 26 ERGCApplication:StartQueryingClusterNeighborPhase(): [DEBUG] Sending Message from Cluster Neighbor: 1:3:3 198.209
+29.999197162s 26 ERGCApplication:StartQueryingClusterNeighborPhase(): [DEBUG] Starting Cluster Neighbor Phase
+29.999197162s 26 ERGCRouting:FindNextHop(): [DEBUG] Is cluster head1
+30.041959865s 58 ERGCApplication:HandleAddClusterNeighbor(): [DEBUG] Received Message from Cluster Neighbor: 3:5:2 285.115---4:6:2 347.811 86.8927 122.474
+30.058331943s 94 ERGCApplication:HandleAddClusterNeighbor(): [DEBUG] Received Message from Cluster Neighbor: 6:5:2 385.45---5:4:4 356.252 96.2636 122.474
+30.058331943s 94 ERGCApplication:HandleAddClusterNeighbor(): [DEBUG] 1
+30.063008624s 49 ERGCApplication:StartQueryingClusterNeighborPhase(): [DEBUG] Sending Message from Cluster Neighbor: 4:2:6 346.358
+30.063008624s 49 ERGCApplication:StartQueryingClusterNeighborPhase(): [DEBUG] Starting Cluster Neighbor Phase
+30.063008624s 49 ERGCRouting:FindNextHop(): [DEBUG] Is cluster head1
+30.065291058s 87 ERGCApplication:HandleAddClusterNeighbor(): [DEBUG] Received Message from Cluster Neighbor: 3:1:5 281.117---4:2:5 318.169 62.9003 122.474
+30.092390989s 21 ERGCApplication:HandleAddClusterNeighbor(): [DEBUG] Received Message from Cluster Neighbor: 3:2:6 341.591---4:2:5 318.169 103.561 122.474
+30.114182558s 85 ERGCApplication:StartQueryingClusterNeighborPhase(): [DEBUG] Sending Message from Cluster Neighbor: 5:3:7 416.496
+30.114182558s 85 ERGCApplication:StartQueryingClusterNeighborPhase(): [DEBUG] Starting Cluster Neighbor Phase
+30.114182558s 85 ERGCRouting:FindNextHop(): [DEBUG] Is cluster head1
+30.159788854s 60 ERGCApplication:StartQueryingClusterNeighborPhase(): [DEBUG] Sending Message from Cluster Neighbor: 4:6:7 453.193
+30.159788854s 60 ERGCApplication:StartQueryingClusterNeighborPhase(): [DEBUG] Starting Cluster Neighbor Phase
+30.159788854s 60 ERGCRouting:FindNextHop(): [DEBUG] Is cluster head1
+30.173001948s 83 ERGCApplication:HandleAddClusterNeighbor(): [DEBUG] Received Message from Cluster Neighbor: 2:5:4 308.003---1:3:3 198.209 116.753 122.474
+30.173001948s 83 ERGCApplication:HandleAddClusterNeighbor(): [DEBUG] 1
+30.191648803s 20 ERGCApplication:HandleAddClusterNeighbor(): [DEBUG] Received Message from Cluster Neighbor: 4:2:5 318.446---4:2:6 346.358 48.9891 122.474
+30.205451080s 21 ERGCApplication:HandleAddClusterNeighbor(): [DEBUG] Received Message from Cluster Neighbor: 3:2:6 341.642---4:2:6 346.358 69.5478 122.474
+30.208617607s 87 ERGCApplication:HandleAddClusterNeighbor(): [DEBUG] Received Message from Cluster Neighbor: 3:1:5 281.206---4:2:6 346.358 74.3411 122.474
+30.216158704s 80 ERGCApplication:HandleAddClusterNeighbor(): [DEBUG] Received Message from Cluster Neighbor: 5:1:7 426.233---4:2:6 346.358 85.7862 122.474
+30.216158704s 80 ERGCApplication:HandleAddClusterNeighbor(): [DEBUG] 2
+30.220272510s 97 ERGCApplication:HandleAddClusterNeighbor(): [DEBUG] Received Message from Cluster Neighbor: 4:6:2 348.001---3:5:2 285.086 87.1655 122.474
+30.220272510s 97 ERGCApplication:HandleAddClusterNeighbor(): [DEBUG] 1
+30.235067213s 2 ERGCApplication:HandleAddClusterNeighbor(): [DEBUG] Received Message from Cluster Neighbor: 5:2:8 456.353---4:2:6 346.358 114.147 122.474
+30.235067213s 2 ERGCApplication:HandleAddClusterNeighbor(): [DEBUG] 1
+30.238111919s 17 ERGCApplication:HandleAddClusterNeighbor(): [DEBUG] Received Message from Cluster Neighbor: 3:1:7 369.934---4:2:6 346.358 118.533 122.474
+30.238484932s 43 ERGCApplication:HandleAddClusterNeighbor(): [DEBUG] Received Message from Cluster Neighbor: 6:3:6 438.067---4:2:6 346.358 119.327 122.474
+30.238484932s 43 ERGCApplication:HandleAddClusterNeighbor(): [DEBUG] 3
+30.238670950s 84 ERGCApplication:StartQueryingClusterNeighborPhase(): [DEBUG] Sending Message from Cluster Neighbor: 7:9:3 533.423
+30.238670950s 84 ERGCApplication:StartQueryingClusterNeighborPhase(): [DEBUG] Starting Cluster Neighbor Phase
+30.238670950s 84 ERGCRouting:FindNextHop(): [DEBUG] Is cluster head1
+30.244257238s 14 ERGCApplication:HandleAddClusterNeighbor(): [DEBUG] Received Message from Cluster Neighbor: 5:4:7 446.133---5:3:7 416.496 51.1039 122.474
+30.244257238s 14 ERGCApplication:HandleAddClusterNeighbor(): [DEBUG] 2
+30.257464768s 79 ERGCApplication:StartQueryingClusterNeighborPhase(): [DEBUG] Sending Message from Cluster Neighbor: 2:6:5 358.071
+30.257464768s 79 ERGCApplication:StartQueryingClusterNeighborPhase(): [DEBUG] Starting Cluster Neighbor Phase
+30.257464768s 79 ERGCRouting:FindNextHop(): [DEBUG] Is cluster head1
+30.264371528s 49 ERGCApplication:HandleAddClusterNeighbor(): [DEBUG] Received Message from Cluster Neighbor: 4:2:6 346.482---5:3:7 416.496 81.2339 122.474
+30.271166664s 76 ERGCApplication:StartQueryingClusterNeighborPhase(): [DEBUG] Sending Message from Cluster Neighbor: 5:1:4 305.817
+30.271166664s 76 ERGCApplication:StartQueryingClusterNeighborPhase(): [DEBUG] Starting Cluster Neighbor Phase
+30.271166664s 76 ERGCRouting:FindNextHop(): [DEBUG] Is cluster head1
+30.284332535s 36 ERGCApplication:StartQueryingClusterNeighborPhase(): [DEBUG] Sending Message from Cluster Neighbor: 4:8:1 404.786
+30.284332535s 36 ERGCApplication:StartQueryingClusterNeighborPhase(): [DEBUG] Starting Cluster Neighbor Phase
+30.284332535s 36 ERGCRouting:FindNextHop(): [DEBUG] Is cluster head1
+30.288585327s 20 ERGCApplication:HandleAddClusterNeighbor(): [DEBUG] Received Message from Cluster Neighbor: 4:2:5 318.515---5:3:7 416.496 117.581 122.474
+30.328708113s 37 ERGCApplication:HandleAddClusterNeighbor(): [DEBUG] Received Message from Cluster Neighbor: 4:8:6 509.262---4:6:7 453.193 109.385 122.474
+30.328708113s 37 ERGCApplication:HandleAddClusterNeighbor(): [DEBUG] 2
+30.329991681s 48 ERGCApplication:HandleAddClusterNeighbor(): [DEBUG] Received Message from Cluster Neighbor: 3:6:9 523.077---4:6:7 453.193 111.274 122.474
+30.333725115s 5 ERGCApplication:HandleAddClusterNeighbor(): [DEBUG] Received Message from Cluster Neighbor: 4:6:4 414.821---4:6:7 453.193 116.928 122.474
+30.381099306s 70 ERGCApplication:HandleAddClusterNeighbor(): [DEBUG] Received Message from Cluster Neighbor: 7:7:2 490.478---7:9:3 533.423 69.6688 122.474
+30.387730122s 83 ERGCApplication:HandleAddClusterNeighbor(): [DEBUG] Received Message from Cluster Neighbor: 2:5:4 308.063---2:6:5 358.071 51.3941 122.474
+30.409991199s 1 ERGCApplication:HandleAddClusterNeighbor(): [DEBUG] Received Message from Cluster Neighbor: 8:9:4 615.922---7:9:3 533.423 113.108 122.474
+30.409991199s 1 ERGCApplication:HandleAddClusterNeighbor(): [DEBUG] 2
+30.413004786s 47 ERGCApplication:HandleAddClusterNeighbor(): [DEBUG] Received Message from Cluster Neighbor: 7:9:5 599.776---7:9:3 533.423 117.507 122.474
+30.413004786s 47 ERGCApplication:HandleAddClusterNeighbor(): [DEBUG] 2
+30.413373717s 15 ERGCApplication:HandleAddClusterNeighbor(): [DEBUG] Received Message from Cluster Neighbor: 4:9:2 463.24---7:9:3 533.423 117.901 122.474
+30.414995298s 20 ERGCApplication:HandleAddClusterNeighbor(): [DEBUG] Received Message from Cluster Neighbor: 4:2:5 318.603---5:1:4 305.817 71.6797 122.474
+30.429672114s 28 ERGCApplication:HandleAddClusterNeighbor(): [DEBUG] Received Message from Cluster Neighbor: 1:6:7 430.139---2:6:5 358.071 114.244 122.474
+30.430596968s 87 ERGCApplication:HandleAddClusterNeighbor(): [DEBUG] Received Message from Cluster Neighbor: 3:1:5 281.345---5:1:4 305.817 95.0122 122.474
+30.442168637s 97 ERGCApplication:HandleAddClusterNeighbor(): [DEBUG] Received Message from Cluster Neighbor: 4:6:2 348.128---4:8:1 404.786 92.783 122.474
+30.442465573s 98 ERGCApplication:HandleAddClusterNeighbor(): [DEBUG] Received Message from Cluster Neighbor: 3:9:2 453.693---4:8:1 404.786 93.1506 122.474
+30.444324799s 49 ERGCApplication:HandleAddClusterNeighbor(): [DEBUG] Received Message from Cluster Neighbor: 4:2:6 346.592---5:1:4 305.817 115.674 122.474
+30.445183150s 96 ERGCApplication:HandleAddClusterNeighbor(): [DEBUG] Received Message from Cluster Neighbor: 3:10:1 482.059---4:8:1 404.786 97.2356 122.474
+30.445197967s 91 ERGCApplication:HandleAddClusterNeighbor(): [DEBUG] Received Message from Cluster Neighbor: 3:9:1 469.867---4:8:1 404.786 97.2366 122.474
+31.012451362s 8 ERGCApplication:StartQueryingClusterNeighborPhase(): [DEBUG] Sending Message from Cluster Neighbor: 5:4:3 318.998
+31.012451362s 8 ERGCApplication:StartQueryingClusterNeighborPhase(): [DEBUG] Starting Cluster Neighbor Phase
+31.012451362s 8 ERGCRouting:FindNextHop(): [DEBUG] Is cluster head1
+31.130613665s 99 ERGCApplication:StartQueryingClusterNeighborPhase(): [DEBUG] Sending Message from Cluster Neighbor: 1:2:3 160.928
+31.130613665s 99 ERGCApplication:StartQueryingClusterNeighborPhase(): [DEBUG] Starting Cluster Neighbor Phase
+31.130613665s 99 ERGCRouting:FindNextHop(): [DEBUG] Is cluster head1
+31.141356369s 52 ERGCApplication:HandleAddClusterNeighbor(): [DEBUG] Received Message from Cluster Neighbor: 5:4:4 357.203---5:4:3 318.998 49.4353 122.474
+31.141356369s 52 ERGCApplication:HandleAddClusterNeighbor(): [DEBUG] 1
+31.166318636s 94 ERGCApplication:HandleAddClusterNeighbor(): [DEBUG] Received Message from Cluster Neighbor: 6:5:2 386.306---5:4:3 318.998 86.8974 122.474
+31.166318636s 94 ERGCApplication:HandleAddClusterNeighbor(): [DEBUG] 2
+31.189842557s 58 ERGCApplication:HandleAddClusterNeighbor(): [DEBUG] Received Message from Cluster Neighbor: 3:5:2 285.674---5:4:3 318.998 121.935 122.474
+31.252764157s 26 ERGCApplication:HandleAddClusterNeighbor(): [DEBUG] Received Message from Cluster Neighbor: 1:3:3 198.555---1:2:3 160.928 39.2765 122.474
+31.252764157s 26 ERGCApplication:HandleAddClusterNeighbor(): [DEBUG] 1
+31.759359919s 38 ERGCApplication:StartQueryingClusterNeighborPhase(): [DEBUG] Sending Message from Cluster Neighbor: 3:1:3 199.017
+31.759359919s 38 ERGCApplication:StartQueryingClusterNeighborPhase(): [DEBUG] Starting Cluster Neighbor Phase
+31.759359919s 38 ERGCRouting:FindNextHop(): [DEBUG] Is cluster head1
+31.925114791s 100 ERGCApplication:HandleAddClusterNeighbor(): [DEBUG] Received Message from Cluster Neighbor: 2:2:1 157.468---3:1:3 199.017 104.577 122.474
+31.927833632s 87 ERGCApplication:HandleAddClusterNeighbor(): [DEBUG] Received Message from Cluster Neighbor: 3:1:5 282.285---3:1:3 199.017 108.742 122.474
+31.927833632s 87 ERGCApplication:HandleAddClusterNeighbor(): [DEBUG] 1
+31.931697505s 76 ERGCApplication:HandleAddClusterNeighbor(): [DEBUG] Received Message from Cluster Neighbor: 5:1:4 307.206---3:1:3 199.017 114.657 122.474
+31.931697505s 76 ERGCApplication:HandleAddClusterNeighbor(): [DEBUG] 1
+32.385576473s 53 ERGCApplication:StartQueryingClusterNeighborPhase(): [DEBUG] Sending Message from Cluster Neighbor: 4:1:1 195.394
+32.385576473s 53 ERGCApplication:StartQueryingClusterNeighborPhase(): [DEBUG] Starting Cluster Neighbor Phase
+32.385576473s 53 ERGCRouting:FindNextHop(): [DEBUG] Is cluster head1
+32.536688399s 100 ERGCApplication:HandleAddClusterNeighbor(): [DEBUG] Received Message from Cluster Neighbor: 2:2:1 157.943---4:1:1 195.394 82.5471 122.474
+32.541236875s 73 ERGCApplication:HandleAddClusterNeighbor(): [DEBUG] Received Message from Cluster Neighbor: 5:1:1 281.722---4:1:1 195.394 89.6458 122.474
+32.541236875s 73 ERGCApplication:HandleAddClusterNeighbor(): [DEBUG] 1
+32.546532857s 38 ERGCApplication:HandleAddClusterNeighbor(): [DEBUG] Received Message from Cluster Neighbor: 3:1:3 199.639---4:1:1 195.394 97.3833 122.474
+32.638235979s 41 ERGCApplication:StartQueryingClusterNeighborPhase(): [DEBUG] Sending Message from Cluster Neighbor: 2:5:3 246.877
+32.638235979s 41 ERGCApplication:StartQueryingClusterNeighborPhase(): [DEBUG] Starting Cluster Neighbor Phase
+32.638235979s 41 ERGCRouting:FindNextHop(): [DEBUG] Is cluster head1
+32.777838495s 58 ERGCApplication:HandleAddClusterNeighbor(): [DEBUG] Received Message from Cluster Neighbor: 3:5:2 286.453---2:5:3 246.877 65.5292 122.474
+32.777838495s 58 ERGCApplication:HandleAddClusterNeighbor(): [DEBUG] 1
+32.791662944s 83 ERGCApplication:HandleAddClusterNeighbor(): [DEBUG] Received Message from Cluster Neighbor: 2:5:4 308.736---2:5:3 246.877 86.15 122.474
+32.791662944s 83 ERGCApplication:HandleAddClusterNeighbor(): [DEBUG] 2
+32.797722197s 26 ERGCApplication:HandleAddClusterNeighbor(): [DEBUG] Received Message from Cluster Neighbor: 1:3:3 198.992---2:5:3 246.877 95.1869 122.474
+32.814789902s 99 ERGCApplication:HandleAddClusterNeighbor(): [DEBUG] Received Message from Cluster Neighbor: 1:2:3 161.346---2:5:3 246.877 120.77 122.474
+33.992845821s 57 ERGCApplication:StartQueryingClusterNeighborPhase(): [DEBUG] Sending Message from Cluster Neighbor: 3:3:2 189.094
+33.992845821s 57 ERGCApplication:StartQueryingClusterNeighborPhase(): [DEBUG] Starting Cluster Neighbor Phase
+33.992845821s 57 ERGCRouting:FindNextHop(): [DEBUG] Is cluster head1
+34.113973680s 100 ERGCApplication:HandleAddClusterNeighbor(): [DEBUG] Received Message from Cluster Neighbor: 2:2:1 159.171---3:3:2 189.094 37.6664 122.474
+34.157288903s 53 ERGCApplication:HandleAddClusterNeighbor(): [DEBUG] Received Message from Cluster Neighbor: 4:1:1 197.106---3:3:2 189.094 102.758 122.474
+34.157288903s 53 ERGCApplication:HandleAddClusterNeighbor(): [DEBUG] 1
+34.160475612s 38 ERGCApplication:HandleAddClusterNeighbor(): [DEBUG] Received Message from Cluster Neighbor: 3:1:3 200.918---3:3:2 189.094 107.487 122.474
+34.161995870s 41 ERGCApplication:HandleAddClusterNeighbor(): [DEBUG] Received Message from Cluster Neighbor: 2:5:3 247.389---3:3:2 189.094 109.65 122.474
+34.165185924s 58 ERGCApplication:HandleAddClusterNeighbor(): [DEBUG] Received Message from Cluster Neighbor: 3:5:2 287.139---3:3:2 189.094 114.526 122.474
+34.165185924s 58 ERGCApplication:HandleAddClusterNeighbor(): [DEBUG] 2
+34.167870872s 26 ERGCApplication:HandleAddClusterNeighbor(): [DEBUG] Received Message from Cluster Neighbor: 1:3:3 199.389---3:3:2 189.094 118.428 122.474
+34.168066411s 99 ERGCApplication:HandleAddClusterNeighbor(): [DEBUG] Received Message from Cluster Neighbor: 1:2:3 161.694---3:3:2 189.094 118.698 122.474
Adding Devices to the net device container
finish
